2012-12-13T11:16:37+01:00 INFO (6): exception 'Zend_Controller_Dispatcher_Exception' with message 'Invalid controller specified (public)' in /usr/local/zend/share/ZendFramework-1.11.12/library/Zend/Controller/Dispatcher/Standard.php:248
Stack trace:
#0 /usr/local/zend/share/ZendFramework-1.11.12/library/Zend/Controller/Front.php(954): Zend_Controller_Dispatcher_Standard->dispatch(Object(Zend_Controller_Request_Http), Object(Zend_Controller_Response_Http))
#1 /usr/local/zend/share/ZendFramework-1.11.12/library/Zend/Application/Bootstrap/Bootstrap.php(97): Zend_Controller_Front->dispatch()
#2 /usr/local/zend/share/ZendFramework-1.11.12/library/Zend/Application.php(366): Zend_Application_Bootstrap_Bootstrap->run()
#3 /home/www/tp_certif/public/index.php(20): Zend_Application->run()
#4 {main}
2012-12-13T11:16:37+01:00 INFO (6): exception 'Zend_Controller_Dispatcher_Exception' with message 'Invalid controller specified (public)' in /usr/local/zend/share/ZendFramework-1.11.12/library/Zend/Controller/Dispatcher/Standard.php:248
Stack trace:
#0 /usr/local/zend/share/ZendFramework-1.11.12/library/Zend/Controller/Front.php(954): Zend_Controller_Dispatcher_Standard->dispatch(Object(Zend_Controller_Request_Http), Object(Zend_Controller_Response_Http))
#1 /usr/local/zend/share/ZendFramework-1.11.12/library/Zend/Application/Bootstrap/Bootstrap.php(97): Zend_Controller_Front->dispatch()
#2 /usr/local/zend/share/ZendFramework-1.11.12/library/Zend/Application.php(366): Zend_Application_Bootstrap_Bootstrap->run()
#3 /home/www/tp_certif/public/index.php(20): Zend_Application->run()
#4 {main}
2012-12-13T11:16:37+01:00 INFO (6): exception 'Zend_Controller_Dispatcher_Exception' with message 'Invalid controller specified (public)' in /usr/local/zend/share/ZendFramework-1.11.12/library/Zend/Controller/Dispatcher/Standard.php:248
Stack trace:
#0 /usr/local/zend/share/ZendFramework-1.11.12/library/Zend/Controller/Front.php(954): Zend_Controller_Dispatcher_Standard->dispatch(Object(Zend_Controller_Request_Http), Object(Zend_Controller_Response_Http))
#1 /usr/local/zend/share/ZendFramework-1.11.12/library/Zend/Application/Bootstrap/Bootstrap.php(97): Zend_Controller_Front->dispatch()
#2 /usr/local/zend/share/ZendFramework-1.11.12/library/Zend/Application.php(366): Zend_Application_Bootstrap_Bootstrap->run()
#3 /home/www/tp_certif/public/index.php(20): Zend_Application->run()
#4 {main}
2012-12-13T11:16:41+01:00 INFO (6): exception 'Zend_Controller_Dispatcher_Exception' with message 'Invalid controller specified (public)' in /usr/local/zend/share/ZendFramework-1.11.12/library/Zend/Controller/Dispatcher/Standard.php:248
Stack trace:
#0 /usr/local/zend/share/ZendFramework-1.11.12/library/Zend/Controller/Front.php(954): Zend_Controller_Dispatcher_Standard->dispatch(Object(Zend_Controller_Request_Http), Object(Zend_Controller_Response_Http))
#1 /usr/local/zend/share/ZendFramework-1.11.12/library/Zend/Application/Bootstrap/Bootstrap.php(97): Zend_Controller_Front->dispatch()
#2 /usr/local/zend/share/ZendFramework-1.11.12/library/Zend/Application.php(366): Zend_Application_Bootstrap_Bootstrap->run()
#3 /home/www/tp_certif/public/index.php(20): Zend_Application->run()
#4 {main}
2012-12-13T11:16:41+01:00 INFO (6): exception 'Zend_Controller_Dispatcher_Exception' with message 'Invalid controller specified (public)' in /usr/local/zend/share/ZendFramework-1.11.12/library/Zend/Controller/Dispatcher/Standard.php:248
Stack trace:
#0 /usr/local/zend/share/ZendFramework-1.11.12/library/Zend/Controller/Front.php(954): Zend_Controller_Dispatcher_Standard->dispatch(Object(Zend_Controller_Request_Http), Object(Zend_Controller_Response_Http))
#1 /usr/local/zend/share/ZendFramework-1.11.12/library/Zend/Application/Bootstrap/Bootstrap.php(97): Zend_Controller_Front->dispatch()
#2 /usr/local/zend/share/ZendFramework-1.11.12/library/Zend/Application.php(366): Zend_Application_Bootstrap_Bootstrap->run()
#3 /home/www/tp_certif/public/index.php(20): Zend_Application->run()
#4 {main}
2012-12-13T11:16:41+01:00 INFO (6): exception 'Zend_Controller_Dispatcher_Exception' with message 'Invalid controller specified (public)' in /usr/local/zend/share/ZendFramework-1.11.12/library/Zend/Controller/Dispatcher/Standard.php:248
Stack trace:
#0 /usr/local/zend/share/ZendFramework-1.11.12/library/Zend/Controller/Front.php(954): Zend_Controller_Dispatcher_Standard->dispatch(Object(Zend_Controller_Request_Http), Object(Zend_Controller_Response_Http))
#1 /usr/local/zend/share/ZendFramework-1.11.12/library/Zend/Application/Bootstrap/Bootstrap.php(97): Zend_Controller_Front->dispatch()
#2 /usr/local/zend/share/ZendFramework-1.11.12/library/Zend/Application.php(366): Zend_Application_Bootstrap_Bootstrap->run()
#3 /home/www/tp_certif/public/index.php(20): Zend_Application->run()
#4 {main}
2012-12-13T11:16:42+01:00 INFO (6): exception 'Zend_Controller_Dispatcher_Exception' with message 'Invalid controller specified (public)' in /usr/local/zend/share/ZendFramework-1.11.12/library/Zend/Controller/Dispatcher/Standard.php:248
Stack trace:
#0 /usr/local/zend/share/ZendFramework-1.11.12/library/Zend/Controller/Front.php(954): Zend_Controller_Dispatcher_Standard->dispatch(Object(Zend_Controller_Request_Http), Object(Zend_Controller_Response_Http))
#1 /usr/local/zend/share/ZendFramework-1.11.12/library/Zend/Application/Bootstrap/Bootstrap.php(97): Zend_Controller_Front->dispatch()
#2 /usr/local/zend/share/ZendFramework-1.11.12/library/Zend/Application.php(366): Zend_Application_Bootstrap_Bootstrap->run()
#3 /home/www/tp_certif/public/index.php(20): Zend_Application->run()
#4 {main}
2012-12-13T11:16:42+01:00 INFO (6): exception 'Zend_Controller_Dispatcher_Exception' with message 'Invalid controller specified (public)' in /usr/local/zend/share/ZendFramework-1.11.12/library/Zend/Controller/Dispatcher/Standard.php:248
Stack trace:
#0 /usr/local/zend/share/ZendFramework-1.11.12/library/Zend/Controller/Front.php(954): Zend_Controller_Dispatcher_Standard->dispatch(Object(Zend_Controller_Request_Http), Object(Zend_Controller_Response_Http))
#1 /usr/local/zend/share/ZendFramework-1.11.12/library/Zend/Application/Bootstrap/Bootstrap.php(97): Zend_Controller_Front->dispatch()
#2 /usr/local/zend/share/ZendFramework-1.11.12/library/Zend/Application.php(366): Zend_Application_Bootstrap_Bootstrap->run()
#3 /home/www/tp_certif/public/index.php(20): Zend_Application->run()
#4 {main}
2012-12-13T11:16:42+01:00 INFO (6): exception 'Zend_Controller_Dispatcher_Exception' with message 'Invalid controller specified (public)' in /usr/local/zend/share/ZendFramework-1.11.12/library/Zend/Controller/Dispatcher/Standard.php:248
Stack trace:
#0 /usr/local/zend/share/ZendFramework-1.11.12/library/Zend/Controller/Front.php(954): Zend_Controller_Dispatcher_Standard->dispatch(Object(Zend_Controller_Request_Http), Object(Zend_Controller_Response_Http))
#1 /usr/local/zend/share/ZendFramework-1.11.12/library/Zend/Application/Bootstrap/Bootstrap.php(97): Zend_Controller_Front->dispatch()
#2 /usr/local/zend/share/ZendFramework-1.11.12/library/Zend/Application.php(366): Zend_Application_Bootstrap_Bootstrap->run()
#3 /home/www/tp_certif/public/index.php(20): Zend_Application->run()
#4 {main}
2012-12-13T11:18:02+01:00 INFO (6): exception 'Zend_Controller_Dispatcher_Exception' with message 'Invalid controller specified (public)' in /usr/local/zend/share/ZendFramework-1.11.12/library/Zend/Controller/Dispatcher/Standard.php:248
Stack trace:
#0 /usr/local/zend/share/ZendFramework-1.11.12/library/Zend/Controller/Front.php(954): Zend_Controller_Dispatcher_Standard->dispatch(Object(Zend_Controller_Request_Http), Object(Zend_Controller_Response_Http))
#1 /usr/local/zend/share/ZendFramework-1.11.12/library/Zend/Application/Bootstrap/Bootstrap.php(97): Zend_Controller_Front->dispatch()
#2 /usr/local/zend/share/ZendFramework-1.11.12/library/Zend/Application.php(366): Zend_Application_Bootstrap_Bootstrap->run()
#3 /home/www/tp_certif/public/index.php(20): Zend_Application->run()
#4 {main}
2012-12-13T11:18:02+01:00 INFO (6): exception 'Zend_Controller_Dispatcher_Exception' with message 'Invalid controller specified (public)' in /usr/local/zend/share/ZendFramework-1.11.12/library/Zend/Controller/Dispatcher/Standard.php:248
Stack trace:
#0 /usr/local/zend/share/ZendFramework-1.11.12/library/Zend/Controller/Front.php(954): Zend_Controller_Dispatcher_Standard->dispatch(Object(Zend_Controller_Request_Http), Object(Zend_Controller_Response_Http))
#1 /usr/local/zend/share/ZendFramework-1.11.12/library/Zend/Application/Bootstrap/Bootstrap.php(97): Zend_Controller_Front->dispatch()
#2 /usr/local/zend/share/ZendFramework-1.11.12/library/Zend/Application.php(366): Zend_Application_Bootstrap_Bootstrap->run()
#3 /home/www/tp_certif/public/index.php(20): Zend_Application->run()
#4 {main}
2012-12-13T11:18:02+01:00 INFO (6): exception 'Zend_Controller_Dispatcher_Exception' with message 'Invalid controller specified (public)' in /usr/local/zend/share/ZendFramework-1.11.12/library/Zend/Controller/Dispatcher/Standard.php:248
Stack trace:
#0 /usr/local/zend/share/ZendFramework-1.11.12/library/Zend/Controller/Front.php(954): Zend_Controller_Dispatcher_Standard->dispatch(Object(Zend_Controller_Request_Http), Object(Zend_Controller_Response_Http))
#1 /usr/local/zend/share/ZendFramework-1.11.12/library/Zend/Application/Bootstrap/Bootstrap.php(97): Zend_Controller_Front->dispatch()
#2 /usr/local/zend/share/ZendFramework-1.11.12/library/Zend/Application.php(366): Zend_Application_Bootstrap_Bootstrap->run()
#3 /home/www/tp_certif/public/index.php(20): Zend_Application->run()
#4 {main}
2012-12-13T11:23:24+01:00 INFO (6): exception 'Zend_Controller_Dispatcher_Exception' with message 'Invalid controller specified (public)' in /usr/local/zend/share/ZendFramework-1.11.12/library/Zend/Controller/Dispatcher/Standard.php:248
Stack trace:
#0 /usr/local/zend/share/ZendFramework-1.11.12/library/Zend/Controller/Front.php(954): Zend_Controller_Dispatcher_Standard->dispatch(Object(Zend_Controller_Request_Http), Object(Zend_Controller_Response_Http))
#1 /usr/local/zend/share/ZendFramework-1.11.12/library/Zend/Application/Bootstrap/Bootstrap.php(97): Zend_Controller_Front->dispatch()
#2 /usr/local/zend/share/ZendFramework-1.11.12/library/Zend/Application.php(366): Zend_Application_Bootstrap_Bootstrap->run()
#3 /home/www/tp_certif/public/index.php(20): Zend_Application->run()
#4 {main}
2012-12-13T11:23:24+01:00 INFO (6): exception 'Zend_Controller_Dispatcher_Exception' with message 'Invalid controller specified (public)' in /usr/local/zend/share/ZendFramework-1.11.12/library/Zend/Controller/Dispatcher/Standard.php:248
Stack trace:
#0 /usr/local/zend/share/ZendFramework-1.11.12/library/Zend/Controller/Front.php(954): Zend_Controller_Dispatcher_Standard->dispatch(Object(Zend_Controller_Request_Http), Object(Zend_Controller_Response_Http))
#1 /usr/local/zend/share/ZendFramework-1.11.12/library/Zend/Application/Bootstrap/Bootstrap.php(97): Zend_Controller_Front->dispatch()
#2 /usr/local/zend/share/ZendFramework-1.11.12/library/Zend/Application.php(366): Zend_Application_Bootstrap_Bootstrap->run()
#3 /home/www/tp_certif/public/index.php(20): Zend_Application->run()
#4 {main}
2012-12-13T11:23:24+01:00 INFO (6): exception 'Zend_Controller_Dispatcher_Exception' with message 'Invalid controller specified (public)' in /usr/local/zend/share/ZendFramework-1.11.12/library/Zend/Controller/Dispatcher/Standard.php:248
Stack trace:
#0 /usr/local/zend/share/ZendFramework-1.11.12/library/Zend/Controller/Front.php(954): Zend_Controller_Dispatcher_Standard->dispatch(Object(Zend_Controller_Request_Http), Object(Zend_Controller_Response_Http))
#1 /usr/local/zend/share/ZendFramework-1.11.12/library/Zend/Application/Bootstrap/Bootstrap.php(97): Zend_Controller_Front->dispatch()
#2 /usr/local/zend/share/ZendFramework-1.11.12/library/Zend/Application.php(366): Zend_Application_Bootstrap_Bootstrap->run()
#3 /home/www/tp_certif/public/index.php(20): Zend_Application->run()
#4 {main}
2012-12-13T12:17:05+01:00 INFO (6): exception 'PDOException' with message 'SQLSTATE[42S02]: Base table or view not found: 1146 Table 'tp.user' doesn't exist' in /usr/local/zend/share/ZendFramework-1.11.12/library/Zend/Db/Statement/Pdo.php:228
Stack trace:
#0 /usr/local/zend/share/ZendFramework-1.11.12/library/Zend/Db/Statement/Pdo.php(228): PDOStatement->execute(Array)
#1 /usr/local/zend/share/ZendFramework-1.11.12/library/Zend/Db/Statement.php(320): Zend_Db_Statement_Pdo->_execute(Array)
#2 /usr/local/zend/share/ZendFramework-1.11.12/library/Zend/Db/Adapter/Abstract.php(479): Zend_Db_Statement->execute(Array)
#3 /usr/local/zend/share/ZendFramework-1.11.12/library/Zend/Db/Adapter/Pdo/Abstract.php(238): Zend_Db_Adapter_Abstract->query(Object(Zend_Db_Select), Array)
#4 /usr/local/zend/share/ZendFramework-1.11.12/library/Zend/Db/Adapter/Abstract.php(736): Zend_Db_Adapter_Pdo_Abstract->query(Object(Zend_Db_Select), Array)
#5 /usr/local/zend/share/ZendFramework-1.11.12/library/Zend/Auth/Adapter/DbTable.php(480): Zend_Db_Adapter_Abstract->fetchAll(Object(Zend_Db_Select))
#6 /usr/local/zend/share/ZendFramework-1.11.12/library/Zend/Auth/Adapter/DbTable.php(369): Zend_Auth_Adapter_DbTable->_authenticateQuerySelect(Object(Zend_Db_Select))
#7 /usr/local/zend/share/ZendFramework-1.11.12/library/Zend/Auth.php(117): Zend_Auth_Adapter_DbTable->authenticate()
#8 /home/www/tp_certif/application/Core/services/User.php(84): Zend_Auth->authenticate(Object(Zend_Auth_Adapter_DbTable))
#9 /home/www/tp_certif/application/Core/controllers/AuthController.php(53): Core_Service_User->authenticate('admin', '0000')
#10 /usr/local/zend/share/ZendFramework-1.11.12/library/Zend/Controller/Action.php(516): AuthController->signinAction()
#11 /usr/local/zend/share/ZendFramework-1.11.12/library/Zend/Controller/Dispatcher/Standard.php(295): Zend_Controller_Action->dispatch('signinAction')
#12 /usr/local/zend/share/ZendFramework-1.11.12/library/Zend/Controller/Front.php(954): Zend_Controller_Dispatcher_Standard->dispatch(Object(Zend_Controller_Request_Http), Object(Zend_Controller_Response_Http))
#13 /usr/local/zend/share/ZendFramework-1.11.12/library/Zend/Application/Bootstrap/Bootstrap.php(97): Zend_Controller_Front->dispatch()
#14 /usr/local/zend/share/ZendFramework-1.11.12/library/Zend/Application.php(366): Zend_Application_Bootstrap_Bootstrap->run()
#15 /home/www/tp_certif/public/index.php(20): Zend_Application->run()
#16 {main}

Next exception 'Zend_Db_Statement_Exception' with message 'SQLSTATE[42S02]: Base table or view not found: 1146 Table 'tp.user' doesn't exist' in /usr/local/zend/share/ZendFramework-1.11.12/library/Zend/Db/Statement/Pdo.php:234
Stack trace:
#0 /usr/local/zend/share/ZendFramework-1.11.12/library/Zend/Db/Statement.php(320): Zend_Db_Statement_Pdo->_execute(Array)
#1 /usr/local/zend/share/ZendFramework-1.11.12/library/Zend/Db/Adapter/Abstract.php(479): Zend_Db_Statement->execute(Array)
#2 /usr/local/zend/share/ZendFramework-1.11.12/library/Zend/Db/Adapter/Pdo/Abstract.php(238): Zend_Db_Adapter_Abstract->query(Object(Zend_Db_Select), Array)
#3 /usr/local/zend/share/ZendFramework-1.11.12/library/Zend/Db/Adapter/Abstract.php(736): Zend_Db_Adapter_Pdo_Abstract->query(Object(Zend_Db_Select), Array)
#4 /usr/local/zend/share/ZendFramework-1.11.12/library/Zend/Auth/Adapter/DbTable.php(480): Zend_Db_Adapter_Abstract->fetchAll(Object(Zend_Db_Select))
#5 /usr/local/zend/share/ZendFramework-1.11.12/library/Zend/Auth/Adapter/DbTable.php(369): Zend_Auth_Adapter_DbTable->_authenticateQuerySelect(Object(Zend_Db_Select))
#6 /usr/local/zend/share/ZendFramework-1.11.12/library/Zend/Auth.php(117): Zend_Auth_Adapter_DbTable->authenticate()
#7 /home/www/tp_certif/application/Core/services/User.php(84): Zend_Auth->authenticate(Object(Zend_Auth_Adapter_DbTable))
#8 /home/www/tp_certif/application/Core/controllers/AuthController.php(53): Core_Service_User->authenticate('admin', '0000')
#9 /usr/local/zend/share/ZendFramework-1.11.12/library/Zend/Controller/Action.php(516): AuthController->signinAction()
#10 /usr/local/zend/share/ZendFramework-1.11.12/library/Zend/Controller/Dispatcher/Standard.php(295): Zend_Controller_Action->dispatch('signinAction')
#11 /usr/local/zend/share/ZendFramework-1.11.12/library/Zend/Controller/Front.php(954): Zend_Controller_Dispatcher_Standard->dispatch(Object(Zend_Controller_Request_Http), Object(Zend_Controller_Response_Http))
#12 /usr/local/zend/share/ZendFramework-1.11.12/library/Zend/Application/Bootstrap/Bootstrap.php(97): Zend_Controller_Front->dispatch()
#13 /usr/local/zend/share/ZendFramework-1.11.12/library/Zend/Application.php(366): Zend_Application_Bootstrap_Bootstrap->run()
#14 /home/www/tp_certif/public/index.php(20): Zend_Application->run()
#15 {main}

Next exception 'Zend_Auth_Adapter_Exception' with message 'The supplied parameters to Zend_Auth_Adapter_DbTable failed to produce a valid sql statement, please check table and column names for validity.' in /usr/local/zend/share/ZendFramework-1.11.12/library/Zend/Auth/Adapter/DbTable.php:490
Stack trace:
#0 /usr/local/zend/share/ZendFramework-1.11.12/library/Zend/Auth/Adapter/DbTable.php(369): Zend_Auth_Adapter_DbTable->_authenticateQuerySelect(Object(Zend_Db_Select))
#1 /usr/local/zend/share/ZendFramework-1.11.12/library/Zend/Auth.php(117): Zend_Auth_Adapter_DbTable->authenticate()
#2 /home/www/tp_certif/application/Core/services/User.php(84): Zend_Auth->authenticate(Object(Zend_Auth_Adapter_DbTable))
#3 /home/www/tp_certif/application/Core/controllers/AuthController.php(53): Core_Service_User->authenticate('admin', '0000')
#4 /usr/local/zend/share/ZendFramework-1.11.12/library/Zend/Controller/Action.php(516): AuthController->signinAction()
#5 /usr/local/zend/share/ZendFramework-1.11.12/library/Zend/Controller/Dispatcher/Standard.php(295): Zend_Controller_Action->dispatch('signinAction')
#6 /usr/local/zend/share/ZendFramework-1.11.12/library/Zend/Controller/Front.php(954): Zend_Controller_Dispatcher_Standard->dispatch(Object(Zend_Controller_Request_Http), Object(Zend_Controller_Response_Http))
#7 /usr/local/zend/share/ZendFramework-1.11.12/library/Zend/Application/Bootstrap/Bootstrap.php(97): Zend_Controller_Front->dispatch()
#8 /usr/local/zend/share/ZendFramework-1.11.12/library/Zend/Application.php(366): Zend_Application_Bootstrap_Bootstrap->run()
#9 /home/www/tp_certif/public/index.php(20): Zend_Application->run()
#10 {main}
2012-12-13T12:17:05+01:00 INFO (6): exception 'Zend_Controller_Dispatcher_Exception' with message 'Invalid controller specified (public)' in /usr/local/zend/share/ZendFramework-1.11.12/library/Zend/Controller/Dispatcher/Standard.php:248
Stack trace:
#0 /usr/local/zend/share/ZendFramework-1.11.12/library/Zend/Controller/Front.php(954): Zend_Controller_Dispatcher_Standard->dispatch(Object(Zend_Controller_Request_Http), Object(Zend_Controller_Response_Http))
#1 /usr/local/zend/share/ZendFramework-1.11.12/library/Zend/Application/Bootstrap/Bootstrap.php(97): Zend_Controller_Front->dispatch()
#2 /usr/local/zend/share/ZendFramework-1.11.12/library/Zend/Application.php(366): Zend_Application_Bootstrap_Bootstrap->run()
#3 /home/www/tp_certif/public/index.php(20): Zend_Application->run()
#4 {main}
2012-12-13T12:17:05+01:00 INFO (6): exception 'Zend_Controller_Dispatcher_Exception' with message 'Invalid controller specified (public)' in /usr/local/zend/share/ZendFramework-1.11.12/library/Zend/Controller/Dispatcher/Standard.php:248
Stack trace:
#0 /usr/local/zend/share/ZendFramework-1.11.12/library/Zend/Controller/Front.php(954): Zend_Controller_Dispatcher_Standard->dispatch(Object(Zend_Controller_Request_Http), Object(Zend_Controller_Response_Http))
#1 /usr/local/zend/share/ZendFramework-1.11.12/library/Zend/Application/Bootstrap/Bootstrap.php(97): Zend_Controller_Front->dispatch()
#2 /usr/local/zend/share/ZendFramework-1.11.12/library/Zend/Application.php(366): Zend_Application_Bootstrap_Bootstrap->run()
#3 /home/www/tp_certif/public/index.php(20): Zend_Application->run()
#4 {main}
2012-12-13T12:17:05+01:00 INFO (6): exception 'Zend_Controller_Dispatcher_Exception' with message 'Invalid controller specified (public)' in /usr/local/zend/share/ZendFramework-1.11.12/library/Zend/Controller/Dispatcher/Standard.php:248
Stack trace:
#0 /usr/local/zend/share/ZendFramework-1.11.12/library/Zend/Controller/Front.php(954): Zend_Controller_Dispatcher_Standard->dispatch(Object(Zend_Controller_Request_Http), Object(Zend_Controller_Response_Http))
#1 /usr/local/zend/share/ZendFramework-1.11.12/library/Zend/Application/Bootstrap/Bootstrap.php(97): Zend_Controller_Front->dispatch()
#2 /usr/local/zend/share/ZendFramework-1.11.12/library/Zend/Application.php(366): Zend_Application_Bootstrap_Bootstrap->run()
#3 /home/www/tp_certif/public/index.php(20): Zend_Application->run()
#4 {main}
2012-12-13T12:18:53+01:00 INFO (6): exception 'PDOException' with message 'SQLSTATE[42S02]: Base table or view not found: 1146 Table 'tp.user' doesn't exist' in /usr/local/zend/share/ZendFramework-1.11.12/library/Zend/Db/Statement/Pdo.php:228
Stack trace:
#0 /usr/local/zend/share/ZendFramework-1.11.12/library/Zend/Db/Statement/Pdo.php(228): PDOStatement->execute(Array)
#1 /usr/local/zend/share/ZendFramework-1.11.12/library/Zend/Db/Statement.php(320): Zend_Db_Statement_Pdo->_execute(Array)
#2 /usr/local/zend/share/ZendFramework-1.11.12/library/Zend/Db/Adapter/Abstract.php(479): Zend_Db_Statement->execute(Array)
#3 /usr/local/zend/share/ZendFramework-1.11.12/library/Zend/Db/Adapter/Pdo/Abstract.php(238): Zend_Db_Adapter_Abstract->query(Object(Zend_Db_Select), Array)
#4 /usr/local/zend/share/ZendFramework-1.11.12/library/Zend/Db/Adapter/Abstract.php(736): Zend_Db_Adapter_Pdo_Abstract->query(Object(Zend_Db_Select), Array)
#5 /usr/local/zend/share/ZendFramework-1.11.12/library/Zend/Auth/Adapter/DbTable.php(480): Zend_Db_Adapter_Abstract->fetchAll(Object(Zend_Db_Select))
#6 /usr/local/zend/share/ZendFramework-1.11.12/library/Zend/Auth/Adapter/DbTable.php(369): Zend_Auth_Adapter_DbTable->_authenticateQuerySelect(Object(Zend_Db_Select))
#7 /usr/local/zend/share/ZendFramework-1.11.12/library/Zend/Auth.php(117): Zend_Auth_Adapter_DbTable->authenticate()
#8 /home/www/tp_certif/application/Core/services/User.php(84): Zend_Auth->authenticate(Object(Zend_Auth_Adapter_DbTable))
#9 /home/www/tp_certif/application/Core/controllers/AuthController.php(53): Core_Service_User->authenticate('admin', '0000')
#10 /usr/local/zend/share/ZendFramework-1.11.12/library/Zend/Controller/Action.php(516): AuthController->signinAction()
#11 /usr/local/zend/share/ZendFramework-1.11.12/library/Zend/Controller/Dispatcher/Standard.php(295): Zend_Controller_Action->dispatch('signinAction')
#12 /usr/local/zend/share/ZendFramework-1.11.12/library/Zend/Controller/Front.php(954): Zend_Controller_Dispatcher_Standard->dispatch(Object(Zend_Controller_Request_Http), Object(Zend_Controller_Response_Http))
#13 /usr/local/zend/share/ZendFramework-1.11.12/library/Zend/Application/Bootstrap/Bootstrap.php(97): Zend_Controller_Front->dispatch()
#14 /usr/local/zend/share/ZendFramework-1.11.12/library/Zend/Application.php(366): Zend_Application_Bootstrap_Bootstrap->run()
#15 /home/www/tp_certif/public/index.php(20): Zend_Application->run()
#16 {main}

Next exception 'Zend_Db_Statement_Exception' with message 'SQLSTATE[42S02]: Base table or view not found: 1146 Table 'tp.user' doesn't exist' in /usr/local/zend/share/ZendFramework-1.11.12/library/Zend/Db/Statement/Pdo.php:234
Stack trace:
#0 /usr/local/zend/share/ZendFramework-1.11.12/library/Zend/Db/Statement.php(320): Zend_Db_Statement_Pdo->_execute(Array)
#1 /usr/local/zend/share/ZendFramework-1.11.12/library/Zend/Db/Adapter/Abstract.php(479): Zend_Db_Statement->execute(Array)
#2 /usr/local/zend/share/ZendFramework-1.11.12/library/Zend/Db/Adapter/Pdo/Abstract.php(238): Zend_Db_Adapter_Abstract->query(Object(Zend_Db_Select), Array)
#3 /usr/local/zend/share/ZendFramework-1.11.12/library/Zend/Db/Adapter/Abstract.php(736): Zend_Db_Adapter_Pdo_Abstract->query(Object(Zend_Db_Select), Array)
#4 /usr/local/zend/share/ZendFramework-1.11.12/library/Zend/Auth/Adapter/DbTable.php(480): Zend_Db_Adapter_Abstract->fetchAll(Object(Zend_Db_Select))
#5 /usr/local/zend/share/ZendFramework-1.11.12/library/Zend/Auth/Adapter/DbTable.php(369): Zend_Auth_Adapter_DbTable->_authenticateQuerySelect(Object(Zend_Db_Select))
#6 /usr/local/zend/share/ZendFramework-1.11.12/library/Zend/Auth.php(117): Zend_Auth_Adapter_DbTable->authenticate()
#7 /home/www/tp_certif/application/Core/services/User.php(84): Zend_Auth->authenticate(Object(Zend_Auth_Adapter_DbTable))
#8 /home/www/tp_certif/application/Core/controllers/AuthController.php(53): Core_Service_User->authenticate('admin', '0000')
#9 /usr/local/zend/share/ZendFramework-1.11.12/library/Zend/Controller/Action.php(516): AuthController->signinAction()
#10 /usr/local/zend/share/ZendFramework-1.11.12/library/Zend/Controller/Dispatcher/Standard.php(295): Zend_Controller_Action->dispatch('signinAction')
#11 /usr/local/zend/share/ZendFramework-1.11.12/library/Zend/Controller/Front.php(954): Zend_Controller_Dispatcher_Standard->dispatch(Object(Zend_Controller_Request_Http), Object(Zend_Controller_Response_Http))
#12 /usr/local/zend/share/ZendFramework-1.11.12/library/Zend/Application/Bootstrap/Bootstrap.php(97): Zend_Controller_Front->dispatch()
#13 /usr/local/zend/share/ZendFramework-1.11.12/library/Zend/Application.php(366): Zend_Application_Bootstrap_Bootstrap->run()
#14 /home/www/tp_certif/public/index.php(20): Zend_Application->run()
#15 {main}

Next exception 'Zend_Auth_Adapter_Exception' with message 'The supplied parameters to Zend_Auth_Adapter_DbTable failed to produce a valid sql statement, please check table and column names for validity.' in /usr/local/zend/share/ZendFramework-1.11.12/library/Zend/Auth/Adapter/DbTable.php:490
Stack trace:
#0 /usr/local/zend/share/ZendFramework-1.11.12/library/Zend/Auth/Adapter/DbTable.php(369): Zend_Auth_Adapter_DbTable->_authenticateQuerySelect(Object(Zend_Db_Select))
#1 /usr/local/zend/share/ZendFramework-1.11.12/library/Zend/Auth.php(117): Zend_Auth_Adapter_DbTable->authenticate()
#2 /home/www/tp_certif/application/Core/services/User.php(84): Zend_Auth->authenticate(Object(Zend_Auth_Adapter_DbTable))
#3 /home/www/tp_certif/application/Core/controllers/AuthController.php(53): Core_Service_User->authenticate('admin', '0000')
#4 /usr/local/zend/share/ZendFramework-1.11.12/library/Zend/Controller/Action.php(516): AuthController->signinAction()
#5 /usr/local/zend/share/ZendFramework-1.11.12/library/Zend/Controller/Dispatcher/Standard.php(295): Zend_Controller_Action->dispatch('signinAction')
#6 /usr/local/zend/share/ZendFramework-1.11.12/library/Zend/Controller/Front.php(954): Zend_Controller_Dispatcher_Standard->dispatch(Object(Zend_Controller_Request_Http), Object(Zend_Controller_Response_Http))
#7 /usr/local/zend/share/ZendFramework-1.11.12/library/Zend/Application/Bootstrap/Bootstrap.php(97): Zend_Controller_Front->dispatch()
#8 /usr/local/zend/share/ZendFramework-1.11.12/library/Zend/Application.php(366): Zend_Application_Bootstrap_Bootstrap->run()
#9 /home/www/tp_certif/public/index.php(20): Zend_Application->run()
#10 {main}
2012-12-13T12:18:54+01:00 INFO (6): exception 'Zend_Controller_Dispatcher_Exception' with message 'Invalid controller specified (public)' in /usr/local/zend/share/ZendFramework-1.11.12/library/Zend/Controller/Dispatcher/Standard.php:248
Stack trace:
#0 /usr/local/zend/share/ZendFramework-1.11.12/library/Zend/Controller/Front.php(954): Zend_Controller_Dispatcher_Standard->dispatch(Object(Zend_Controller_Request_Http), Object(Zend_Controller_Response_Http))
#1 /usr/local/zend/share/ZendFramework-1.11.12/library/Zend/Application/Bootstrap/Bootstrap.php(97): Zend_Controller_Front->dispatch()
#2 /usr/local/zend/share/ZendFramework-1.11.12/library/Zend/Application.php(366): Zend_Application_Bootstrap_Bootstrap->run()
#3 /home/www/tp_certif/public/index.php(20): Zend_Application->run()
#4 {main}
2012-12-13T12:18:54+01:00 INFO (6): exception 'Zend_Controller_Dispatcher_Exception' with message 'Invalid controller specified (public)' in /usr/local/zend/share/ZendFramework-1.11.12/library/Zend/Controller/Dispatcher/Standard.php:248
Stack trace:
#0 /usr/local/zend/share/ZendFramework-1.11.12/library/Zend/Controller/Front.php(954): Zend_Controller_Dispatcher_Standard->dispatch(Object(Zend_Controller_Request_Http), Object(Zend_Controller_Response_Http))
#1 /usr/local/zend/share/ZendFramework-1.11.12/library/Zend/Application/Bootstrap/Bootstrap.php(97): Zend_Controller_Front->dispatch()
#2 /usr/local/zend/share/ZendFramework-1.11.12/library/Zend/Application.php(366): Zend_Application_Bootstrap_Bootstrap->run()
#3 /home/www/tp_certif/public/index.php(20): Zend_Application->run()
#4 {main}
2012-12-13T12:18:54+01:00 INFO (6): exception 'Zend_Controller_Dispatcher_Exception' with message 'Invalid controller specified (public)' in /usr/local/zend/share/ZendFramework-1.11.12/library/Zend/Controller/Dispatcher/Standard.php:248
Stack trace:
#0 /usr/local/zend/share/ZendFramework-1.11.12/library/Zend/Controller/Front.php(954): Zend_Controller_Dispatcher_Standard->dispatch(Object(Zend_Controller_Request_Http), Object(Zend_Controller_Response_Http))
#1 /usr/local/zend/share/ZendFramework-1.11.12/library/Zend/Application/Bootstrap/Bootstrap.php(97): Zend_Controller_Front->dispatch()
#2 /usr/local/zend/share/ZendFramework-1.11.12/library/Zend/Application.php(366): Zend_Application_Bootstrap_Bootstrap->run()
#3 /home/www/tp_certif/public/index.php(20): Zend_Application->run()
#4 {main}
2012-12-13T12:18:57+01:00 INFO (6): exception 'Zend_Controller_Dispatcher_Exception' with message 'Invalid controller specified (public)' in /usr/local/zend/share/ZendFramework-1.11.12/library/Zend/Controller/Dispatcher/Standard.php:248
Stack trace:
#0 /usr/local/zend/share/ZendFramework-1.11.12/library/Zend/Controller/Front.php(954): Zend_Controller_Dispatcher_Standard->dispatch(Object(Zend_Controller_Request_Http), Object(Zend_Controller_Response_Http))
#1 /usr/local/zend/share/ZendFramework-1.11.12/library/Zend/Application/Bootstrap/Bootstrap.php(97): Zend_Controller_Front->dispatch()
#2 /usr/local/zend/share/ZendFramework-1.11.12/library/Zend/Application.php(366): Zend_Application_Bootstrap_Bootstrap->run()
#3 /home/www/tp_certif/public/index.php(20): Zend_Application->run()
#4 {main}
2012-12-13T12:18:57+01:00 INFO (6): exception 'Zend_Controller_Dispatcher_Exception' with message 'Invalid controller specified (public)' in /usr/local/zend/share/ZendFramework-1.11.12/library/Zend/Controller/Dispatcher/Standard.php:248
Stack trace:
#0 /usr/local/zend/share/ZendFramework-1.11.12/library/Zend/Controller/Front.php(954): Zend_Controller_Dispatcher_Standard->dispatch(Object(Zend_Controller_Request_Http), Object(Zend_Controller_Response_Http))
#1 /usr/local/zend/share/ZendFramework-1.11.12/library/Zend/Application/Bootstrap/Bootstrap.php(97): Zend_Controller_Front->dispatch()
#2 /usr/local/zend/share/ZendFramework-1.11.12/library/Zend/Application.php(366): Zend_Application_Bootstrap_Bootstrap->run()
#3 /home/www/tp_certif/public/index.php(20): Zend_Application->run()
#4 {main}
2012-12-13T12:18:57+01:00 INFO (6): exception 'Zend_Controller_Dispatcher_Exception' with message 'Invalid controller specified (public)' in /usr/local/zend/share/ZendFramework-1.11.12/library/Zend/Controller/Dispatcher/Standard.php:248
Stack trace:
#0 /usr/local/zend/share/ZendFramework-1.11.12/library/Zend/Controller/Front.php(954): Zend_Controller_Dispatcher_Standard->dispatch(Object(Zend_Controller_Request_Http), Object(Zend_Controller_Response_Http))
#1 /usr/local/zend/share/ZendFramework-1.11.12/library/Zend/Application/Bootstrap/Bootstrap.php(97): Zend_Controller_Front->dispatch()
#2 /usr/local/zend/share/ZendFramework-1.11.12/library/Zend/Application.php(366): Zend_Application_Bootstrap_Bootstrap->run()
#3 /home/www/tp_certif/public/index.php(20): Zend_Application->run()
#4 {main}
2012-12-13T12:19:03+01:00 INFO (6): exception 'PDOException' with message 'SQLSTATE[42S02]: Base table or view not found: 1146 Table 'tp.user' doesn't exist' in /usr/local/zend/share/ZendFramework-1.11.12/library/Zend/Db/Statement/Pdo.php:228
Stack trace:
#0 /usr/local/zend/share/ZendFramework-1.11.12/library/Zend/Db/Statement/Pdo.php(228): PDOStatement->execute(Array)
#1 /usr/local/zend/share/ZendFramework-1.11.12/library/Zend/Db/Statement.php(320): Zend_Db_Statement_Pdo->_execute(Array)
#2 /usr/local/zend/share/ZendFramework-1.11.12/library/Zend/Db/Adapter/Abstract.php(479): Zend_Db_Statement->execute(Array)
#3 /usr/local/zend/share/ZendFramework-1.11.12/library/Zend/Db/Adapter/Pdo/Abstract.php(238): Zend_Db_Adapter_Abstract->query('DESCRIBE `user`', Array)
#4 /usr/local/zend/share/ZendFramework-1.11.12/library/Zend/Db/Adapter/Pdo/Mysql.php(169): Zend_Db_Adapter_Pdo_Abstract->query('DESCRIBE `user`')
#5 /usr/local/zend/share/ZendFramework-1.11.12/library/Zend/Db/Table/Abstract.php(835): Zend_Db_Adapter_Pdo_Mysql->describeTable('user', NULL)
#6 /usr/local/zend/share/ZendFramework-1.11.12/library/Zend/Db/Table/Abstract.php(857): Zend_Db_Table_Abstract->_setupMetadata()
#7 /usr/local/zend/share/ZendFramework-1.11.12/library/Zend/Db/Table/Abstract.php(897): Zend_Db_Table_Abstract->_getCols()
#8 /usr/local/zend/share/ZendFramework-1.11.12/library/Zend/Db/Table/Abstract.php(982): Zend_Db_Table_Abstract->_setupPrimaryKey()
#9 /usr/local/zend/share/ZendFramework-1.11.12/library/Zend/Db/Table/Select.php(100): Zend_Db_Table_Abstract->info()
#10 /usr/local/zend/share/ZendFramework-1.11.12/library/Zend/Db/Table/Select.php(78): Zend_Db_Table_Select->setTable(Object(Core_Model_DbTable_User))
#11 /usr/local/zend/share/ZendFramework-1.11.12/library/Zend/Db/Table/Abstract.php(1018): Zend_Db_Table_Select->__construct(Object(Core_Model_DbTable_User))
#12 /usr/local/zend/share/ZendFramework-1.11.12/library/Zend/Db/Table/Abstract.php(1326): Zend_Db_Table_Abstract->select()
#13 /home/www/tp_certif/application/Core/models/mappers/User.php(42): Zend_Db_Table_Abstract->fetchAll()
#14 /home/www/tp_certif/application/Core/services/User.php(139): Core_Model_Mapper_User->fetchAll()
#15 /home/www/tp_certif/application/Core/controllers/UserController.php(49): Core_Service_User->fetchAll()
#16 /usr/local/zend/share/ZendFramework-1.11.12/library/Zend/Controller/Action.php(516): UserController->listAction()
#17 /usr/local/zend/share/ZendFramework-1.11.12/library/Zend/Controller/Dispatcher/Standard.php(295): Zend_Controller_Action->dispatch('listAction')
#18 /usr/local/zend/share/ZendFramework-1.11.12/library/Zend/Controller/Front.php(954): Zend_Controller_Dispatcher_Standard->dispatch(Object(Zend_Controller_Request_Http), Object(Zend_Controller_Response_Http))
#19 /usr/local/zend/share/ZendFramework-1.11.12/library/Zend/Application/Bootstrap/Bootstrap.php(97): Zend_Controller_Front->dispatch()
#20 /usr/local/zend/share/ZendFramework-1.11.12/library/Zend/Application.php(366): Zend_Application_Bootstrap_Bootstrap->run()
#21 /home/www/tp_certif/public/index.php(20): Zend_Application->run()
#22 {main}

Next exception 'Zend_Db_Statement_Exception' with message 'SQLSTATE[42S02]: Base table or view not found: 1146 Table 'tp.user' doesn't exist' in /usr/local/zend/share/ZendFramework-1.11.12/library/Zend/Db/Statement/Pdo.php:234
Stack trace:
#0 /usr/local/zend/share/ZendFramework-1.11.12/library/Zend/Db/Statement.php(320): Zend_Db_Statement_Pdo->_execute(Array)
#1 /usr/local/zend/share/ZendFramework-1.11.12/library/Zend/Db/Adapter/Abstract.php(479): Zend_Db_Statement->execute(Array)
#2 /usr/local/zend/share/ZendFramework-1.11.12/library/Zend/Db/Adapter/Pdo/Abstract.php(238): Zend_Db_Adapter_Abstract->query('DESCRIBE `user`', Array)
#3 /usr/local/zend/share/ZendFramework-1.11.12/library/Zend/Db/Adapter/Pdo/Mysql.php(169): Zend_Db_Adapter_Pdo_Abstract->query('DESCRIBE `user`')
#4 /usr/local/zend/share/ZendFramework-1.11.12/library/Zend/Db/Table/Abstract.php(835): Zend_Db_Adapter_Pdo_Mysql->describeTable('user', NULL)
#5 /usr/local/zend/share/ZendFramework-1.11.12/library/Zend/Db/Table/Abstract.php(857): Zend_Db_Table_Abstract->_setupMetadata()
#6 /usr/local/zend/share/ZendFramework-1.11.12/library/Zend/Db/Table/Abstract.php(897): Zend_Db_Table_Abstract->_getCols()
#7 /usr/local/zend/share/ZendFramework-1.11.12/library/Zend/Db/Table/Abstract.php(982): Zend_Db_Table_Abstract->_setupPrimaryKey()
#8 /usr/local/zend/share/ZendFramework-1.11.12/library/Zend/Db/Table/Select.php(100): Zend_Db_Table_Abstract->info()
#9 /usr/local/zend/share/ZendFramework-1.11.12/library/Zend/Db/Table/Select.php(78): Zend_Db_Table_Select->setTable(Object(Core_Model_DbTable_User))
#10 /usr/local/zend/share/ZendFramework-1.11.12/library/Zend/Db/Table/Abstract.php(1018): Zend_Db_Table_Select->__construct(Object(Core_Model_DbTable_User))
#11 /usr/local/zend/share/ZendFramework-1.11.12/library/Zend/Db/Table/Abstract.php(1326): Zend_Db_Table_Abstract->select()
#12 /home/www/tp_certif/application/Core/models/mappers/User.php(42): Zend_Db_Table_Abstract->fetchAll()
#13 /home/www/tp_certif/application/Core/services/User.php(139): Core_Model_Mapper_User->fetchAll()
#14 /home/www/tp_certif/application/Core/controllers/UserController.php(49): Core_Service_User->fetchAll()
#15 /usr/local/zend/share/ZendFramework-1.11.12/library/Zend/Controller/Action.php(516): UserController->listAction()
#16 /usr/local/zend/share/ZendFramework-1.11.12/library/Zend/Controller/Dispatcher/Standard.php(295): Zend_Controller_Action->dispatch('listAction')
#17 /usr/local/zend/share/ZendFramework-1.11.12/library/Zend/Controller/Front.php(954): Zend_Controller_Dispatcher_Standard->dispatch(Object(Zend_Controller_Request_Http), Object(Zend_Controller_Response_Http))
#18 /usr/local/zend/share/ZendFramework-1.11.12/library/Zend/Application/Bootstrap/Bootstrap.php(97): Zend_Controller_Front->dispatch()
#19 /usr/local/zend/share/ZendFramework-1.11.12/library/Zend/Application.php(366): Zend_Application_Bootstrap_Bootstrap->run()
#20 /home/www/tp_certif/public/index.php(20): Zend_Application->run()
#21 {main}
2012-12-13T12:19:03+01:00 INFO (6): exception 'Zend_Controller_Dispatcher_Exception' with message 'Invalid controller specified (public)' in /usr/local/zend/share/ZendFramework-1.11.12/library/Zend/Controller/Dispatcher/Standard.php:248
Stack trace:
#0 /usr/local/zend/share/ZendFramework-1.11.12/library/Zend/Controller/Front.php(954): Zend_Controller_Dispatcher_Standard->dispatch(Object(Zend_Controller_Request_Http), Object(Zend_Controller_Response_Http))
#1 /usr/local/zend/share/ZendFramework-1.11.12/library/Zend/Application/Bootstrap/Bootstrap.php(97): Zend_Controller_Front->dispatch()
#2 /usr/local/zend/share/ZendFramework-1.11.12/library/Zend/Application.php(366): Zend_Application_Bootstrap_Bootstrap->run()
#3 /home/www/tp_certif/public/index.php(20): Zend_Application->run()
#4 {main}
2012-12-13T12:19:03+01:00 INFO (6): exception 'Zend_Controller_Dispatcher_Exception' with message 'Invalid controller specified (public)' in /usr/local/zend/share/ZendFramework-1.11.12/library/Zend/Controller/Dispatcher/Standard.php:248
Stack trace:
#0 /usr/local/zend/share/ZendFramework-1.11.12/library/Zend/Controller/Front.php(954): Zend_Controller_Dispatcher_Standard->dispatch(Object(Zend_Controller_Request_Http), Object(Zend_Controller_Response_Http))
#1 /usr/local/zend/share/ZendFramework-1.11.12/library/Zend/Application/Bootstrap/Bootstrap.php(97): Zend_Controller_Front->dispatch()
#2 /usr/local/zend/share/ZendFramework-1.11.12/library/Zend/Application.php(366): Zend_Application_Bootstrap_Bootstrap->run()
#3 /home/www/tp_certif/public/index.php(20): Zend_Application->run()
#4 {main}
2012-12-13T12:19:03+01:00 INFO (6): exception 'Zend_Controller_Dispatcher_Exception' with message 'Invalid controller specified (public)' in /usr/local/zend/share/ZendFramework-1.11.12/library/Zend/Controller/Dispatcher/Standard.php:248
Stack trace:
#0 /usr/local/zend/share/ZendFramework-1.11.12/library/Zend/Controller/Front.php(954): Zend_Controller_Dispatcher_Standard->dispatch(Object(Zend_Controller_Request_Http), Object(Zend_Controller_Response_Http))
#1 /usr/local/zend/share/ZendFramework-1.11.12/library/Zend/Application/Bootstrap/Bootstrap.php(97): Zend_Controller_Front->dispatch()
#2 /usr/local/zend/share/ZendFramework-1.11.12/library/Zend/Application.php(366): Zend_Application_Bootstrap_Bootstrap->run()
#3 /home/www/tp_certif/public/index.php(20): Zend_Application->run()
#4 {main}
2012-12-13T12:19:03+01:00 INFO (6): exception 'Zend_Controller_Dispatcher_Exception' with message 'Invalid controller specified (public)' in /usr/local/zend/share/ZendFramework-1.11.12/library/Zend/Controller/Dispatcher/Standard.php:248
Stack trace:
#0 /usr/local/zend/share/ZendFramework-1.11.12/library/Zend/Controller/Front.php(954): Zend_Controller_Dispatcher_Standard->dispatch(Object(Zend_Controller_Request_Http), Object(Zend_Controller_Response_Http))
#1 /usr/local/zend/share/ZendFramework-1.11.12/library/Zend/Application/Bootstrap/Bootstrap.php(97): Zend_Controller_Front->dispatch()
#2 /usr/local/zend/share/ZendFramework-1.11.12/library/Zend/Application.php(366): Zend_Application_Bootstrap_Bootstrap->run()
#3 /home/www/tp_certif/public/index.php(20): Zend_Application->run()
#4 {main}
2012-12-13T14:09:43+01:00 INFO (6): exception 'PDOException' with message 'SQLSTATE[42S02]: Base table or view not found: 1146 Table 'tp.user' doesn't exist' in /usr/local/zend/share/ZendFramework-1.11.12/library/Zend/Db/Statement/Pdo.php:228
Stack trace:
#0 /usr/local/zend/share/ZendFramework-1.11.12/library/Zend/Db/Statement/Pdo.php(228): PDOStatement->execute(Array)
#1 /usr/local/zend/share/ZendFramework-1.11.12/library/Zend/Db/Statement.php(320): Zend_Db_Statement_Pdo->_execute(Array)
#2 /usr/local/zend/share/ZendFramework-1.11.12/library/Zend/Db/Adapter/Abstract.php(479): Zend_Db_Statement->execute(Array)
#3 /usr/local/zend/share/ZendFramework-1.11.12/library/Zend/Db/Adapter/Pdo/Abstract.php(238): Zend_Db_Adapter_Abstract->query(Object(Zend_Db_Select), Array)
#4 /usr/local/zend/share/ZendFramework-1.11.12/library/Zend/Db/Adapter/Abstract.php(736): Zend_Db_Adapter_Pdo_Abstract->query(Object(Zend_Db_Select), Array)
#5 /usr/local/zend/share/ZendFramework-1.11.12/library/Zend/Auth/Adapter/DbTable.php(480): Zend_Db_Adapter_Abstract->fetchAll(Object(Zend_Db_Select))
#6 /usr/local/zend/share/ZendFramework-1.11.12/library/Zend/Auth/Adapter/DbTable.php(369): Zend_Auth_Adapter_DbTable->_authenticateQuerySelect(Object(Zend_Db_Select))
#7 /usr/local/zend/share/ZendFramework-1.11.12/library/Zend/Auth.php(117): Zend_Auth_Adapter_DbTable->authenticate()
#8 /home/www/tp_certif/application/Core/services/User.php(84): Zend_Auth->authenticate(Object(Zend_Auth_Adapter_DbTable))
#9 /home/www/tp_certif/application/Core/controllers/AuthController.php(53): Core_Service_User->authenticate('admin', '0000')
#10 /usr/local/zend/share/ZendFramework-1.11.12/library/Zend/Controller/Action.php(516): AuthController->signinAction()
#11 /usr/local/zend/share/ZendFramework-1.11.12/library/Zend/Controller/Dispatcher/Standard.php(295): Zend_Controller_Action->dispatch('signinAction')
#12 /usr/local/zend/share/ZendFramework-1.11.12/library/Zend/Controller/Front.php(954): Zend_Controller_Dispatcher_Standard->dispatch(Object(Zend_Controller_Request_Http), Object(Zend_Controller_Response_Http))
#13 /usr/local/zend/share/ZendFramework-1.11.12/library/Zend/Application/Bootstrap/Bootstrap.php(97): Zend_Controller_Front->dispatch()
#14 /usr/local/zend/share/ZendFramework-1.11.12/library/Zend/Application.php(366): Zend_Application_Bootstrap_Bootstrap->run()
#15 /home/www/tp_certif/public/index.php(20): Zend_Application->run()
#16 {main}

Next exception 'Zend_Db_Statement_Exception' with message 'SQLSTATE[42S02]: Base table or view not found: 1146 Table 'tp.user' doesn't exist' in /usr/local/zend/share/ZendFramework-1.11.12/library/Zend/Db/Statement/Pdo.php:234
Stack trace:
#0 /usr/local/zend/share/ZendFramework-1.11.12/library/Zend/Db/Statement.php(320): Zend_Db_Statement_Pdo->_execute(Array)
#1 /usr/local/zend/share/ZendFramework-1.11.12/library/Zend/Db/Adapter/Abstract.php(479): Zend_Db_Statement->execute(Array)
#2 /usr/local/zend/share/ZendFramework-1.11.12/library/Zend/Db/Adapter/Pdo/Abstract.php(238): Zend_Db_Adapter_Abstract->query(Object(Zend_Db_Select), Array)
#3 /usr/local/zend/share/ZendFramework-1.11.12/library/Zend/Db/Adapter/Abstract.php(736): Zend_Db_Adapter_Pdo_Abstract->query(Object(Zend_Db_Select), Array)
#4 /usr/local/zend/share/ZendFramework-1.11.12/library/Zend/Auth/Adapter/DbTable.php(480): Zend_Db_Adapter_Abstract->fetchAll(Object(Zend_Db_Select))
#5 /usr/local/zend/share/ZendFramework-1.11.12/library/Zend/Auth/Adapter/DbTable.php(369): Zend_Auth_Adapter_DbTable->_authenticateQuerySelect(Object(Zend_Db_Select))
#6 /usr/local/zend/share/ZendFramework-1.11.12/library/Zend/Auth.php(117): Zend_Auth_Adapter_DbTable->authenticate()
#7 /home/www/tp_certif/application/Core/services/User.php(84): Zend_Auth->authenticate(Object(Zend_Auth_Adapter_DbTable))
#8 /home/www/tp_certif/application/Core/controllers/AuthController.php(53): Core_Service_User->authenticate('admin', '0000')
#9 /usr/local/zend/share/ZendFramework-1.11.12/library/Zend/Controller/Action.php(516): AuthController->signinAction()
#10 /usr/local/zend/share/ZendFramework-1.11.12/library/Zend/Controller/Dispatcher/Standard.php(295): Zend_Controller_Action->dispatch('signinAction')
#11 /usr/local/zend/share/ZendFramework-1.11.12/library/Zend/Controller/Front.php(954): Zend_Controller_Dispatcher_Standard->dispatch(Object(Zend_Controller_Request_Http), Object(Zend_Controller_Response_Http))
#12 /usr/local/zend/share/ZendFramework-1.11.12/library/Zend/Application/Bootstrap/Bootstrap.php(97): Zend_Controller_Front->dispatch()
#13 /usr/local/zend/share/ZendFramework-1.11.12/library/Zend/Application.php(366): Zend_Application_Bootstrap_Bootstrap->run()
#14 /home/www/tp_certif/public/index.php(20): Zend_Application->run()
#15 {main}

Next exception 'Zend_Auth_Adapter_Exception' with message 'The supplied parameters to Zend_Auth_Adapter_DbTable failed to produce a valid sql statement, please check table and column names for validity.' in /usr/local/zend/share/ZendFramework-1.11.12/library/Zend/Auth/Adapter/DbTable.php:490
Stack trace:
#0 /usr/local/zend/share/ZendFramework-1.11.12/library/Zend/Auth/Adapter/DbTable.php(369): Zend_Auth_Adapter_DbTable->_authenticateQuerySelect(Object(Zend_Db_Select))
#1 /usr/local/zend/share/ZendFramework-1.11.12/library/Zend/Auth.php(117): Zend_Auth_Adapter_DbTable->authenticate()
#2 /home/www/tp_certif/application/Core/services/User.php(84): Zend_Auth->authenticate(Object(Zend_Auth_Adapter_DbTable))
#3 /home/www/tp_certif/application/Core/controllers/AuthController.php(53): Core_Service_User->authenticate('admin', '0000')
#4 /usr/local/zend/share/ZendFramework-1.11.12/library/Zend/Controller/Action.php(516): AuthController->signinAction()
#5 /usr/local/zend/share/ZendFramework-1.11.12/library/Zend/Controller/Dispatcher/Standard.php(295): Zend_Controller_Action->dispatch('signinAction')
#6 /usr/local/zend/share/ZendFramework-1.11.12/library/Zend/Controller/Front.php(954): Zend_Controller_Dispatcher_Standard->dispatch(Object(Zend_Controller_Request_Http), Object(Zend_Controller_Response_Http))
#7 /usr/local/zend/share/ZendFramework-1.11.12/library/Zend/Application/Bootstrap/Bootstrap.php(97): Zend_Controller_Front->dispatch()
#8 /usr/local/zend/share/ZendFramework-1.11.12/library/Zend/Application.php(366): Zend_Application_Bootstrap_Bootstrap->run()
#9 /home/www/tp_certif/public/index.php(20): Zend_Application->run()
#10 {main}
2012-12-13T14:11:38+01:00 INFO (6): exception 'Zend_Controller_Dispatcher_Exception' with message 'Invalid controller specified (public)' in /usr/local/zend/share/ZendFramework-1.11.12/library/Zend/Controller/Dispatcher/Standard.php:248
Stack trace:
#0 /usr/local/zend/share/ZendFramework-1.11.12/library/Zend/Controller/Front.php(954): Zend_Controller_Dispatcher_Standard->dispatch(Object(Zend_Controller_Request_Http), Object(Zend_Controller_Response_Http))
#1 /usr/local/zend/share/ZendFramework-1.11.12/library/Zend/Application/Bootstrap/Bootstrap.php(97): Zend_Controller_Front->dispatch()
#2 /usr/local/zend/share/ZendFramework-1.11.12/library/Zend/Application.php(366): Zend_Application_Bootstrap_Bootstrap->run()
#3 /home/www/tp_certif/public/index.php(20): Zend_Application->run()
#4 {main}
2012-12-13T14:11:39+01:00 INFO (6): exception 'Zend_Controller_Dispatcher_Exception' with message 'Invalid controller specified (public)' in /usr/local/zend/share/ZendFramework-1.11.12/library/Zend/Controller/Dispatcher/Standard.php:248
Stack trace:
#0 /usr/local/zend/share/ZendFramework-1.11.12/library/Zend/Controller/Front.php(954): Zend_Controller_Dispatcher_Standard->dispatch(Object(Zend_Controller_Request_Http), Object(Zend_Controller_Response_Http))
#1 /usr/local/zend/share/ZendFramework-1.11.12/library/Zend/Application/Bootstrap/Bootstrap.php(97): Zend_Controller_Front->dispatch()
#2 /usr/local/zend/share/ZendFramework-1.11.12/library/Zend/Application.php(366): Zend_Application_Bootstrap_Bootstrap->run()
#3 /home/www/tp_certif/public/index.php(20): Zend_Application->run()
#4 {main}
2012-12-13T14:11:39+01:00 INFO (6): exception 'Zend_Controller_Dispatcher_Exception' with message 'Invalid controller specified (public)' in /usr/local/zend/share/ZendFramework-1.11.12/library/Zend/Controller/Dispatcher/Standard.php:248
Stack trace:
#0 /usr/local/zend/share/ZendFramework-1.11.12/library/Zend/Controller/Front.php(954): Zend_Controller_Dispatcher_Standard->dispatch(Object(Zend_Controller_Request_Http), Object(Zend_Controller_Response_Http))
#1 /usr/local/zend/share/ZendFramework-1.11.12/library/Zend/Application/Bootstrap/Bootstrap.php(97): Zend_Controller_Front->dispatch()
#2 /usr/local/zend/share/ZendFramework-1.11.12/library/Zend/Application.php(366): Zend_Application_Bootstrap_Bootstrap->run()
#3 /home/www/tp_certif/public/index.php(20): Zend_Application->run()
#4 {main}
2012-12-13T14:11:43+01:00 INFO (6): exception 'Zend_Controller_Dispatcher_Exception' with message 'Invalid controller specified (public)' in /usr/local/zend/share/ZendFramework-1.11.12/library/Zend/Controller/Dispatcher/Standard.php:248
Stack trace:
#0 /usr/local/zend/share/ZendFramework-1.11.12/library/Zend/Controller/Front.php(954): Zend_Controller_Dispatcher_Standard->dispatch(Object(Zend_Controller_Request_Http), Object(Zend_Controller_Response_Http))
#1 /usr/local/zend/share/ZendFramework-1.11.12/library/Zend/Application/Bootstrap/Bootstrap.php(97): Zend_Controller_Front->dispatch()
#2 /usr/local/zend/share/ZendFramework-1.11.12/library/Zend/Application.php(366): Zend_Application_Bootstrap_Bootstrap->run()
#3 /home/www/tp_certif/public/index.php(20): Zend_Application->run()
#4 {main}
2012-12-13T14:11:43+01:00 INFO (6): exception 'Zend_Controller_Dispatcher_Exception' with message 'Invalid controller specified (public)' in /usr/local/zend/share/ZendFramework-1.11.12/library/Zend/Controller/Dispatcher/Standard.php:248
Stack trace:
#0 /usr/local/zend/share/ZendFramework-1.11.12/library/Zend/Controller/Front.php(954): Zend_Controller_Dispatcher_Standard->dispatch(Object(Zend_Controller_Request_Http), Object(Zend_Controller_Response_Http))
#1 /usr/local/zend/share/ZendFramework-1.11.12/library/Zend/Application/Bootstrap/Bootstrap.php(97): Zend_Controller_Front->dispatch()
#2 /usr/local/zend/share/ZendFramework-1.11.12/library/Zend/Application.php(366): Zend_Application_Bootstrap_Bootstrap->run()
#3 /home/www/tp_certif/public/index.php(20): Zend_Application->run()
#4 {main}
2012-12-13T14:11:43+01:00 INFO (6): exception 'Zend_Controller_Dispatcher_Exception' with message 'Invalid controller specified (public)' in /usr/local/zend/share/ZendFramework-1.11.12/library/Zend/Controller/Dispatcher/Standard.php:248
Stack trace:
#0 /usr/local/zend/share/ZendFramework-1.11.12/library/Zend/Controller/Front.php(954): Zend_Controller_Dispatcher_Standard->dispatch(Object(Zend_Controller_Request_Http), Object(Zend_Controller_Response_Http))
#1 /usr/local/zend/share/ZendFramework-1.11.12/library/Zend/Application/Bootstrap/Bootstrap.php(97): Zend_Controller_Front->dispatch()
#2 /usr/local/zend/share/ZendFramework-1.11.12/library/Zend/Application.php(366): Zend_Application_Bootstrap_Bootstrap->run()
#3 /home/www/tp_certif/public/index.php(20): Zend_Application->run()
#4 {main}
2012-12-13T14:12:21+01:00 INFO (6): exception 'Zend_Controller_Dispatcher_Exception' with message 'Invalid controller specified (public)' in /usr/local/zend/share/ZendFramework-1.11.12/library/Zend/Controller/Dispatcher/Standard.php:248
Stack trace:
#0 /usr/local/zend/share/ZendFramework-1.11.12/library/Zend/Controller/Front.php(954): Zend_Controller_Dispatcher_Standard->dispatch(Object(Zend_Controller_Request_Http), Object(Zend_Controller_Response_Http))
#1 /usr/local/zend/share/ZendFramework-1.11.12/library/Zend/Application/Bootstrap/Bootstrap.php(97): Zend_Controller_Front->dispatch()
#2 /usr/local/zend/share/ZendFramework-1.11.12/library/Zend/Application.php(366): Zend_Application_Bootstrap_Bootstrap->run()
#3 /home/www/tp_certif/public/index.php(20): Zend_Application->run()
#4 {main}
2012-12-13T14:12:21+01:00 INFO (6): exception 'Zend_Controller_Dispatcher_Exception' with message 'Invalid controller specified (public)' in /usr/local/zend/share/ZendFramework-1.11.12/library/Zend/Controller/Dispatcher/Standard.php:248
Stack trace:
#0 /usr/local/zend/share/ZendFramework-1.11.12/library/Zend/Controller/Front.php(954): Zend_Controller_Dispatcher_Standard->dispatch(Object(Zend_Controller_Request_Http), Object(Zend_Controller_Response_Http))
#1 /usr/local/zend/share/ZendFramework-1.11.12/library/Zend/Application/Bootstrap/Bootstrap.php(97): Zend_Controller_Front->dispatch()
#2 /usr/local/zend/share/ZendFramework-1.11.12/library/Zend/Application.php(366): Zend_Application_Bootstrap_Bootstrap->run()
#3 /home/www/tp_certif/public/index.php(20): Zend_Application->run()
#4 {main}
2012-12-13T14:12:22+01:00 INFO (6): exception 'Zend_Controller_Dispatcher_Exception' with message 'Invalid controller specified (public)' in /usr/local/zend/share/ZendFramework-1.11.12/library/Zend/Controller/Dispatcher/Standard.php:248
Stack trace:
#0 /usr/local/zend/share/ZendFramework-1.11.12/library/Zend/Controller/Front.php(954): Zend_Controller_Dispatcher_Standard->dispatch(Object(Zend_Controller_Request_Http), Object(Zend_Controller_Response_Http))
#1 /usr/local/zend/share/ZendFramework-1.11.12/library/Zend/Application/Bootstrap/Bootstrap.php(97): Zend_Controller_Front->dispatch()
#2 /usr/local/zend/share/ZendFramework-1.11.12/library/Zend/Application.php(366): Zend_Application_Bootstrap_Bootstrap->run()
#3 /home/www/tp_certif/public/index.php(20): Zend_Application->run()
#4 {main}
2012-12-13T14:13:49+01:00 INFO (6): exception 'Zend_Controller_Dispatcher_Exception' with message 'Invalid controller specified (public)' in /usr/local/zend/share/ZendFramework-1.11.12/library/Zend/Controller/Dispatcher/Standard.php:248
Stack trace:
#0 /usr/local/zend/share/ZendFramework-1.11.12/library/Zend/Controller/Front.php(954): Zend_Controller_Dispatcher_Standard->dispatch(Object(Zend_Controller_Request_Http), Object(Zend_Controller_Response_Http))
#1 /usr/local/zend/share/ZendFramework-1.11.12/library/Zend/Application/Bootstrap/Bootstrap.php(97): Zend_Controller_Front->dispatch()
#2 /usr/local/zend/share/ZendFramework-1.11.12/library/Zend/Application.php(366): Zend_Application_Bootstrap_Bootstrap->run()
#3 /home/www/tp_certif/public/index.php(20): Zend_Application->run()
#4 {main}
2012-12-13T14:13:50+01:00 INFO (6): exception 'Zend_Controller_Dispatcher_Exception' with message 'Invalid controller specified (public)' in /usr/local/zend/share/ZendFramework-1.11.12/library/Zend/Controller/Dispatcher/Standard.php:248
Stack trace:
#0 /usr/local/zend/share/ZendFramework-1.11.12/library/Zend/Controller/Front.php(954): Zend_Controller_Dispatcher_Standard->dispatch(Object(Zend_Controller_Request_Http), Object(Zend_Controller_Response_Http))
#1 /usr/local/zend/share/ZendFramework-1.11.12/library/Zend/Application/Bootstrap/Bootstrap.php(97): Zend_Controller_Front->dispatch()
#2 /usr/local/zend/share/ZendFramework-1.11.12/library/Zend/Application.php(366): Zend_Application_Bootstrap_Bootstrap->run()
#3 /home/www/tp_certif/public/index.php(20): Zend_Application->run()
#4 {main}
2012-12-13T14:13:50+01:00 INFO (6): exception 'Zend_Controller_Dispatcher_Exception' with message 'Invalid controller specified (public)' in /usr/local/zend/share/ZendFramework-1.11.12/library/Zend/Controller/Dispatcher/Standard.php:248
Stack trace:
#0 /usr/local/zend/share/ZendFramework-1.11.12/library/Zend/Controller/Front.php(954): Zend_Controller_Dispatcher_Standard->dispatch(Object(Zend_Controller_Request_Http), Object(Zend_Controller_Response_Http))
#1 /usr/local/zend/share/ZendFramework-1.11.12/library/Zend/Application/Bootstrap/Bootstrap.php(97): Zend_Controller_Front->dispatch()
#2 /usr/local/zend/share/ZendFramework-1.11.12/library/Zend/Application.php(366): Zend_Application_Bootstrap_Bootstrap->run()
#3 /home/www/tp_certif/public/index.php(20): Zend_Application->run()
#4 {main}
2012-12-13T14:13:51+01:00 INFO (6): exception 'Zend_Controller_Dispatcher_Exception' with message 'Invalid controller specified (public)' in /usr/local/zend/share/ZendFramework-1.11.12/library/Zend/Controller/Dispatcher/Standard.php:248
Stack trace:
#0 /usr/local/zend/share/ZendFramework-1.11.12/library/Zend/Controller/Front.php(954): Zend_Controller_Dispatcher_Standard->dispatch(Object(Zend_Controller_Request_Http), Object(Zend_Controller_Response_Http))
#1 /usr/local/zend/share/ZendFramework-1.11.12/library/Zend/Application/Bootstrap/Bootstrap.php(97): Zend_Controller_Front->dispatch()
#2 /usr/local/zend/share/ZendFramework-1.11.12/library/Zend/Application.php(366): Zend_Application_Bootstrap_Bootstrap->run()
#3 /home/www/tp_certif/public/index.php(20): Zend_Application->run()
#4 {main}
2012-12-13T14:13:51+01:00 INFO (6): exception 'Zend_Controller_Dispatcher_Exception' with message 'Invalid controller specified (public)' in /usr/local/zend/share/ZendFramework-1.11.12/library/Zend/Controller/Dispatcher/Standard.php:248
Stack trace:
#0 /usr/local/zend/share/ZendFramework-1.11.12/library/Zend/Controller/Front.php(954): Zend_Controller_Dispatcher_Standard->dispatch(Object(Zend_Controller_Request_Http), Object(Zend_Controller_Response_Http))
#1 /usr/local/zend/share/ZendFramework-1.11.12/library/Zend/Application/Bootstrap/Bootstrap.php(97): Zend_Controller_Front->dispatch()
#2 /usr/local/zend/share/ZendFramework-1.11.12/library/Zend/Application.php(366): Zend_Application_Bootstrap_Bootstrap->run()
#3 /home/www/tp_certif/public/index.php(20): Zend_Application->run()
#4 {main}
2012-12-13T14:13:51+01:00 INFO (6): exception 'Zend_Controller_Dispatcher_Exception' with message 'Invalid controller specified (public)' in /usr/local/zend/share/ZendFramework-1.11.12/library/Zend/Controller/Dispatcher/Standard.php:248
Stack trace:
#0 /usr/local/zend/share/ZendFramework-1.11.12/library/Zend/Controller/Front.php(954): Zend_Controller_Dispatcher_Standard->dispatch(Object(Zend_Controller_Request_Http), Object(Zend_Controller_Response_Http))
#1 /usr/local/zend/share/ZendFramework-1.11.12/library/Zend/Application/Bootstrap/Bootstrap.php(97): Zend_Controller_Front->dispatch()
#2 /usr/local/zend/share/ZendFramework-1.11.12/library/Zend/Application.php(366): Zend_Application_Bootstrap_Bootstrap->run()
#3 /home/www/tp_certif/public/index.php(20): Zend_Application->run()
#4 {main}
2012-12-13T14:14:22+01:00 INFO (6): exception 'Zend_Controller_Dispatcher_Exception' with message 'Invalid controller specified (public)' in /usr/local/zend/share/ZendFramework-1.11.12/library/Zend/Controller/Dispatcher/Standard.php:248
Stack trace:
#0 /usr/local/zend/share/ZendFramework-1.11.12/library/Zend/Controller/Front.php(954): Zend_Controller_Dispatcher_Standard->dispatch(Object(Zend_Controller_Request_Http), Object(Zend_Controller_Response_Http))
#1 /usr/local/zend/share/ZendFramework-1.11.12/library/Zend/Application/Bootstrap/Bootstrap.php(97): Zend_Controller_Front->dispatch()
#2 /usr/local/zend/share/ZendFramework-1.11.12/library/Zend/Application.php(366): Zend_Application_Bootstrap_Bootstrap->run()
#3 /home/www/tp_certif/public/index.php(20): Zend_Application->run()
#4 {main}
2012-12-13T14:14:22+01:00 INFO (6): exception 'Zend_Controller_Dispatcher_Exception' with message 'Invalid controller specified (public)' in /usr/local/zend/share/ZendFramework-1.11.12/library/Zend/Controller/Dispatcher/Standard.php:248
Stack trace:
#0 /usr/local/zend/share/ZendFramework-1.11.12/library/Zend/Controller/Front.php(954): Zend_Controller_Dispatcher_Standard->dispatch(Object(Zend_Controller_Request_Http), Object(Zend_Controller_Response_Http))
#1 /usr/local/zend/share/ZendFramework-1.11.12/library/Zend/Application/Bootstrap/Bootstrap.php(97): Zend_Controller_Front->dispatch()
#2 /usr/local/zend/share/ZendFramework-1.11.12/library/Zend/Application.php(366): Zend_Application_Bootstrap_Bootstrap->run()
#3 /home/www/tp_certif/public/index.php(20): Zend_Application->run()
#4 {main}
2012-12-13T14:14:22+01:00 INFO (6): exception 'Zend_Controller_Dispatcher_Exception' with message 'Invalid controller specified (public)' in /usr/local/zend/share/ZendFramework-1.11.12/library/Zend/Controller/Dispatcher/Standard.php:248
Stack trace:
#0 /usr/local/zend/share/ZendFramework-1.11.12/library/Zend/Controller/Front.php(954): Zend_Controller_Dispatcher_Standard->dispatch(Object(Zend_Controller_Request_Http), Object(Zend_Controller_Response_Http))
#1 /usr/local/zend/share/ZendFramework-1.11.12/library/Zend/Application/Bootstrap/Bootstrap.php(97): Zend_Controller_Front->dispatch()
#2 /usr/local/zend/share/ZendFramework-1.11.12/library/Zend/Application.php(366): Zend_Application_Bootstrap_Bootstrap->run()
#3 /home/www/tp_certif/public/index.php(20): Zend_Application->run()
#4 {main}
2012-12-13T14:19:16+01:00 INFO (6): exception 'Zend_Controller_Dispatcher_Exception' with message 'Invalid controller specified (public)' in /usr/local/zend/share/ZendFramework-1.11.12/library/Zend/Controller/Dispatcher/Standard.php:248
Stack trace:
#0 /usr/local/zend/share/ZendFramework-1.11.12/library/Zend/Controller/Front.php(954): Zend_Controller_Dispatcher_Standard->dispatch(Object(Zend_Controller_Request_Http), Object(Zend_Controller_Response_Http))
#1 /usr/local/zend/share/ZendFramework-1.11.12/library/Zend/Application/Bootstrap/Bootstrap.php(97): Zend_Controller_Front->dispatch()
#2 /usr/local/zend/share/ZendFramework-1.11.12/library/Zend/Application.php(366): Zend_Application_Bootstrap_Bootstrap->run()
#3 /home/www/tp_certif/public/index.php(20): Zend_Application->run()
#4 {main}
2012-12-13T14:19:16+01:00 INFO (6): exception 'Zend_Controller_Dispatcher_Exception' with message 'Invalid controller specified (public)' in /usr/local/zend/share/ZendFramework-1.11.12/library/Zend/Controller/Dispatcher/Standard.php:248
Stack trace:
#0 /usr/local/zend/share/ZendFramework-1.11.12/library/Zend/Controller/Front.php(954): Zend_Controller_Dispatcher_Standard->dispatch(Object(Zend_Controller_Request_Http), Object(Zend_Controller_Response_Http))
#1 /usr/local/zend/share/ZendFramework-1.11.12/library/Zend/Application/Bootstrap/Bootstrap.php(97): Zend_Controller_Front->dispatch()
#2 /usr/local/zend/share/ZendFramework-1.11.12/library/Zend/Application.php(366): Zend_Application_Bootstrap_Bootstrap->run()
#3 /home/www/tp_certif/public/index.php(20): Zend_Application->run()
#4 {main}
2012-12-13T14:19:16+01:00 INFO (6): exception 'Zend_Controller_Dispatcher_Exception' with message 'Invalid controller specified (public)' in /usr/local/zend/share/ZendFramework-1.11.12/library/Zend/Controller/Dispatcher/Standard.php:248
Stack trace:
#0 /usr/local/zend/share/ZendFramework-1.11.12/library/Zend/Controller/Front.php(954): Zend_Controller_Dispatcher_Standard->dispatch(Object(Zend_Controller_Request_Http), Object(Zend_Controller_Response_Http))
#1 /usr/local/zend/share/ZendFramework-1.11.12/library/Zend/Application/Bootstrap/Bootstrap.php(97): Zend_Controller_Front->dispatch()
#2 /usr/local/zend/share/ZendFramework-1.11.12/library/Zend/Application.php(366): Zend_Application_Bootstrap_Bootstrap->run()
#3 /home/www/tp_certif/public/index.php(20): Zend_Application->run()
#4 {main}
2012-12-13T14:19:20+01:00 INFO (6): exception 'Zend_Controller_Dispatcher_Exception' with message 'Invalid controller specified (public)' in /usr/local/zend/share/ZendFramework-1.11.12/library/Zend/Controller/Dispatcher/Standard.php:248
Stack trace:
#0 /usr/local/zend/share/ZendFramework-1.11.12/library/Zend/Controller/Front.php(954): Zend_Controller_Dispatcher_Standard->dispatch(Object(Zend_Controller_Request_Http), Object(Zend_Controller_Response_Http))
#1 /usr/local/zend/share/ZendFramework-1.11.12/library/Zend/Application/Bootstrap/Bootstrap.php(97): Zend_Controller_Front->dispatch()
#2 /usr/local/zend/share/ZendFramework-1.11.12/library/Zend/Application.php(366): Zend_Application_Bootstrap_Bootstrap->run()
#3 /home/www/tp_certif/public/index.php(20): Zend_Application->run()
#4 {main}
2012-12-13T14:19:20+01:00 INFO (6): exception 'Zend_Controller_Dispatcher_Exception' with message 'Invalid controller specified (public)' in /usr/local/zend/share/ZendFramework-1.11.12/library/Zend/Controller/Dispatcher/Standard.php:248
Stack trace:
#0 /usr/local/zend/share/ZendFramework-1.11.12/library/Zend/Controller/Front.php(954): Zend_Controller_Dispatcher_Standard->dispatch(Object(Zend_Controller_Request_Http), Object(Zend_Controller_Response_Http))
#1 /usr/local/zend/share/ZendFramework-1.11.12/library/Zend/Application/Bootstrap/Bootstrap.php(97): Zend_Controller_Front->dispatch()
#2 /usr/local/zend/share/ZendFramework-1.11.12/library/Zend/Application.php(366): Zend_Application_Bootstrap_Bootstrap->run()
#3 /home/www/tp_certif/public/index.php(20): Zend_Application->run()
#4 {main}
2012-12-13T14:19:20+01:00 INFO (6): exception 'Zend_Controller_Dispatcher_Exception' with message 'Invalid controller specified (public)' in /usr/local/zend/share/ZendFramework-1.11.12/library/Zend/Controller/Dispatcher/Standard.php:248
Stack trace:
#0 /usr/local/zend/share/ZendFramework-1.11.12/library/Zend/Controller/Front.php(954): Zend_Controller_Dispatcher_Standard->dispatch(Object(Zend_Controller_Request_Http), Object(Zend_Controller_Response_Http))
#1 /usr/local/zend/share/ZendFramework-1.11.12/library/Zend/Application/Bootstrap/Bootstrap.php(97): Zend_Controller_Front->dispatch()
#2 /usr/local/zend/share/ZendFramework-1.11.12/library/Zend/Application.php(366): Zend_Application_Bootstrap_Bootstrap->run()
#3 /home/www/tp_certif/public/index.php(20): Zend_Application->run()
#4 {main}
2012-12-13T14:20:02+01:00 INFO (6): exception 'Zend_Controller_Dispatcher_Exception' with message 'Invalid controller specified (public)' in /usr/local/zend/share/ZendFramework-1.11.12/library/Zend/Controller/Dispatcher/Standard.php:248
Stack trace:
#0 /usr/local/zend/share/ZendFramework-1.11.12/library/Zend/Controller/Front.php(954): Zend_Controller_Dispatcher_Standard->dispatch(Object(Zend_Controller_Request_Http), Object(Zend_Controller_Response_Http))
#1 /usr/local/zend/share/ZendFramework-1.11.12/library/Zend/Application/Bootstrap/Bootstrap.php(97): Zend_Controller_Front->dispatch()
#2 /usr/local/zend/share/ZendFramework-1.11.12/library/Zend/Application.php(366): Zend_Application_Bootstrap_Bootstrap->run()
#3 /home/www/tp_certif/public/index.php(20): Zend_Application->run()
#4 {main}
2012-12-13T14:20:02+01:00 INFO (6): exception 'Zend_Controller_Dispatcher_Exception' with message 'Invalid controller specified (public)' in /usr/local/zend/share/ZendFramework-1.11.12/library/Zend/Controller/Dispatcher/Standard.php:248
Stack trace:
#0 /usr/local/zend/share/ZendFramework-1.11.12/library/Zend/Controller/Front.php(954): Zend_Controller_Dispatcher_Standard->dispatch(Object(Zend_Controller_Request_Http), Object(Zend_Controller_Response_Http))
#1 /usr/local/zend/share/ZendFramework-1.11.12/library/Zend/Application/Bootstrap/Bootstrap.php(97): Zend_Controller_Front->dispatch()
#2 /usr/local/zend/share/ZendFramework-1.11.12/library/Zend/Application.php(366): Zend_Application_Bootstrap_Bootstrap->run()
#3 /home/www/tp_certif/public/index.php(20): Zend_Application->run()
#4 {main}
2012-12-13T14:20:02+01:00 INFO (6): exception 'Zend_Controller_Dispatcher_Exception' with message 'Invalid controller specified (public)' in /usr/local/zend/share/ZendFramework-1.11.12/library/Zend/Controller/Dispatcher/Standard.php:248
Stack trace:
#0 /usr/local/zend/share/ZendFramework-1.11.12/library/Zend/Controller/Front.php(954): Zend_Controller_Dispatcher_Standard->dispatch(Object(Zend_Controller_Request_Http), Object(Zend_Controller_Response_Http))
#1 /usr/local/zend/share/ZendFramework-1.11.12/library/Zend/Application/Bootstrap/Bootstrap.php(97): Zend_Controller_Front->dispatch()
#2 /usr/local/zend/share/ZendFramework-1.11.12/library/Zend/Application.php(366): Zend_Application_Bootstrap_Bootstrap->run()
#3 /home/www/tp_certif/public/index.php(20): Zend_Application->run()
#4 {main}
2012-12-13T14:21:26+01:00 INFO (6): exception 'Zend_Controller_Dispatcher_Exception' with message 'Invalid controller specified (public)' in /usr/local/zend/share/ZendFramework-1.11.12/library/Zend/Controller/Dispatcher/Standard.php:248
Stack trace:
#0 /usr/local/zend/share/ZendFramework-1.11.12/library/Zend/Controller/Front.php(954): Zend_Controller_Dispatcher_Standard->dispatch(Object(Zend_Controller_Request_Http), Object(Zend_Controller_Response_Http))
#1 /usr/local/zend/share/ZendFramework-1.11.12/library/Zend/Application/Bootstrap/Bootstrap.php(97): Zend_Controller_Front->dispatch()
#2 /usr/local/zend/share/ZendFramework-1.11.12/library/Zend/Application.php(366): Zend_Application_Bootstrap_Bootstrap->run()
#3 /home/www/tp_certif/public/index.php(20): Zend_Application->run()
#4 {main}
2012-12-13T14:21:26+01:00 INFO (6): exception 'Zend_Controller_Dispatcher_Exception' with message 'Invalid controller specified (public)' in /usr/local/zend/share/ZendFramework-1.11.12/library/Zend/Controller/Dispatcher/Standard.php:248
Stack trace:
#0 /usr/local/zend/share/ZendFramework-1.11.12/library/Zend/Controller/Front.php(954): Zend_Controller_Dispatcher_Standard->dispatch(Object(Zend_Controller_Request_Http), Object(Zend_Controller_Response_Http))
#1 /usr/local/zend/share/ZendFramework-1.11.12/library/Zend/Application/Bootstrap/Bootstrap.php(97): Zend_Controller_Front->dispatch()
#2 /usr/local/zend/share/ZendFramework-1.11.12/library/Zend/Application.php(366): Zend_Application_Bootstrap_Bootstrap->run()
#3 /home/www/tp_certif/public/index.php(20): Zend_Application->run()
#4 {main}
2012-12-13T14:21:26+01:00 INFO (6): exception 'Zend_Controller_Dispatcher_Exception' with message 'Invalid controller specified (public)' in /usr/local/zend/share/ZendFramework-1.11.12/library/Zend/Controller/Dispatcher/Standard.php:248
Stack trace:
#0 /usr/local/zend/share/ZendFramework-1.11.12/library/Zend/Controller/Front.php(954): Zend_Controller_Dispatcher_Standard->dispatch(Object(Zend_Controller_Request_Http), Object(Zend_Controller_Response_Http))
#1 /usr/local/zend/share/ZendFramework-1.11.12/library/Zend/Application/Bootstrap/Bootstrap.php(97): Zend_Controller_Front->dispatch()
#2 /usr/local/zend/share/ZendFramework-1.11.12/library/Zend/Application.php(366): Zend_Application_Bootstrap_Bootstrap->run()
#3 /home/www/tp_certif/public/index.php(20): Zend_Application->run()
#4 {main}
2012-12-13T14:21:27+01:00 INFO (6): exception 'Zend_Controller_Dispatcher_Exception' with message 'Invalid controller specified (public)' in /usr/local/zend/share/ZendFramework-1.11.12/library/Zend/Controller/Dispatcher/Standard.php:248
Stack trace:
#0 /usr/local/zend/share/ZendFramework-1.11.12/library/Zend/Controller/Front.php(954): Zend_Controller_Dispatcher_Standard->dispatch(Object(Zend_Controller_Request_Http), Object(Zend_Controller_Response_Http))
#1 /usr/local/zend/share/ZendFramework-1.11.12/library/Zend/Application/Bootstrap/Bootstrap.php(97): Zend_Controller_Front->dispatch()
#2 /usr/local/zend/share/ZendFramework-1.11.12/library/Zend/Application.php(366): Zend_Application_Bootstrap_Bootstrap->run()
#3 /home/www/tp_certif/public/index.php(20): Zend_Application->run()
#4 {main}
2012-12-13T14:21:27+01:00 INFO (6): exception 'Zend_Controller_Dispatcher_Exception' with message 'Invalid controller specified (public)' in /usr/local/zend/share/ZendFramework-1.11.12/library/Zend/Controller/Dispatcher/Standard.php:248
Stack trace:
#0 /usr/local/zend/share/ZendFramework-1.11.12/library/Zend/Controller/Front.php(954): Zend_Controller_Dispatcher_Standard->dispatch(Object(Zend_Controller_Request_Http), Object(Zend_Controller_Response_Http))
#1 /usr/local/zend/share/ZendFramework-1.11.12/library/Zend/Application/Bootstrap/Bootstrap.php(97): Zend_Controller_Front->dispatch()
#2 /usr/local/zend/share/ZendFramework-1.11.12/library/Zend/Application.php(366): Zend_Application_Bootstrap_Bootstrap->run()
#3 /home/www/tp_certif/public/index.php(20): Zend_Application->run()
#4 {main}
2012-12-13T14:21:27+01:00 INFO (6): exception 'Zend_Controller_Dispatcher_Exception' with message 'Invalid controller specified (public)' in /usr/local/zend/share/ZendFramework-1.11.12/library/Zend/Controller/Dispatcher/Standard.php:248
Stack trace:
#0 /usr/local/zend/share/ZendFramework-1.11.12/library/Zend/Controller/Front.php(954): Zend_Controller_Dispatcher_Standard->dispatch(Object(Zend_Controller_Request_Http), Object(Zend_Controller_Response_Http))
#1 /usr/local/zend/share/ZendFramework-1.11.12/library/Zend/Application/Bootstrap/Bootstrap.php(97): Zend_Controller_Front->dispatch()
#2 /usr/local/zend/share/ZendFramework-1.11.12/library/Zend/Application.php(366): Zend_Application_Bootstrap_Bootstrap->run()
#3 /home/www/tp_certif/public/index.php(20): Zend_Application->run()
#4 {main}
2012-12-13T14:21:29+01:00 INFO (6): exception 'Zend_Controller_Dispatcher_Exception' with message 'Invalid controller specified (public)' in /usr/local/zend/share/ZendFramework-1.11.12/library/Zend/Controller/Dispatcher/Standard.php:248
Stack trace:
#0 /usr/local/zend/share/ZendFramework-1.11.12/library/Zend/Controller/Front.php(954): Zend_Controller_Dispatcher_Standard->dispatch(Object(Zend_Controller_Request_Http), Object(Zend_Controller_Response_Http))
#1 /usr/local/zend/share/ZendFramework-1.11.12/library/Zend/Application/Bootstrap/Bootstrap.php(97): Zend_Controller_Front->dispatch()
#2 /usr/local/zend/share/ZendFramework-1.11.12/library/Zend/Application.php(366): Zend_Application_Bootstrap_Bootstrap->run()
#3 /home/www/tp_certif/public/index.php(20): Zend_Application->run()
#4 {main}
2012-12-13T14:21:29+01:00 INFO (6): exception 'Zend_Controller_Dispatcher_Exception' with message 'Invalid controller specified (public)' in /usr/local/zend/share/ZendFramework-1.11.12/library/Zend/Controller/Dispatcher/Standard.php:248
Stack trace:
#0 /usr/local/zend/share/ZendFramework-1.11.12/library/Zend/Controller/Front.php(954): Zend_Controller_Dispatcher_Standard->dispatch(Object(Zend_Controller_Request_Http), Object(Zend_Controller_Response_Http))
#1 /usr/local/zend/share/ZendFramework-1.11.12/library/Zend/Application/Bootstrap/Bootstrap.php(97): Zend_Controller_Front->dispatch()
#2 /usr/local/zend/share/ZendFramework-1.11.12/library/Zend/Application.php(366): Zend_Application_Bootstrap_Bootstrap->run()
#3 /home/www/tp_certif/public/index.php(20): Zend_Application->run()
#4 {main}
2012-12-13T14:21:29+01:00 INFO (6): exception 'Zend_Controller_Dispatcher_Exception' with message 'Invalid controller specified (public)' in /usr/local/zend/share/ZendFramework-1.11.12/library/Zend/Controller/Dispatcher/Standard.php:248
Stack trace:
#0 /usr/local/zend/share/ZendFramework-1.11.12/library/Zend/Controller/Front.php(954): Zend_Controller_Dispatcher_Standard->dispatch(Object(Zend_Controller_Request_Http), Object(Zend_Controller_Response_Http))
#1 /usr/local/zend/share/ZendFramework-1.11.12/library/Zend/Application/Bootstrap/Bootstrap.php(97): Zend_Controller_Front->dispatch()
#2 /usr/local/zend/share/ZendFramework-1.11.12/library/Zend/Application.php(366): Zend_Application_Bootstrap_Bootstrap->run()
#3 /home/www/tp_certif/public/index.php(20): Zend_Application->run()
#4 {main}
2012-12-13T14:21:30+01:00 INFO (6): exception 'Zend_Controller_Dispatcher_Exception' with message 'Invalid controller specified (public)' in /usr/local/zend/share/ZendFramework-1.11.12/library/Zend/Controller/Dispatcher/Standard.php:248
Stack trace:
#0 /usr/local/zend/share/ZendFramework-1.11.12/library/Zend/Controller/Front.php(954): Zend_Controller_Dispatcher_Standard->dispatch(Object(Zend_Controller_Request_Http), Object(Zend_Controller_Response_Http))
#1 /usr/local/zend/share/ZendFramework-1.11.12/library/Zend/Application/Bootstrap/Bootstrap.php(97): Zend_Controller_Front->dispatch()
#2 /usr/local/zend/share/ZendFramework-1.11.12/library/Zend/Application.php(366): Zend_Application_Bootstrap_Bootstrap->run()
#3 /home/www/tp_certif/public/index.php(20): Zend_Application->run()
#4 {main}
2012-12-13T14:21:30+01:00 INFO (6): exception 'Zend_Controller_Dispatcher_Exception' with message 'Invalid controller specified (public)' in /usr/local/zend/share/ZendFramework-1.11.12/library/Zend/Controller/Dispatcher/Standard.php:248
Stack trace:
#0 /usr/local/zend/share/ZendFramework-1.11.12/library/Zend/Controller/Front.php(954): Zend_Controller_Dispatcher_Standard->dispatch(Object(Zend_Controller_Request_Http), Object(Zend_Controller_Response_Http))
#1 /usr/local/zend/share/ZendFramework-1.11.12/library/Zend/Application/Bootstrap/Bootstrap.php(97): Zend_Controller_Front->dispatch()
#2 /usr/local/zend/share/ZendFramework-1.11.12/library/Zend/Application.php(366): Zend_Application_Bootstrap_Bootstrap->run()
#3 /home/www/tp_certif/public/index.php(20): Zend_Application->run()
#4 {main}
2012-12-13T14:21:30+01:00 INFO (6): exception 'Zend_Controller_Dispatcher_Exception' with message 'Invalid controller specified (public)' in /usr/local/zend/share/ZendFramework-1.11.12/library/Zend/Controller/Dispatcher/Standard.php:248
Stack trace:
#0 /usr/local/zend/share/ZendFramework-1.11.12/library/Zend/Controller/Front.php(954): Zend_Controller_Dispatcher_Standard->dispatch(Object(Zend_Controller_Request_Http), Object(Zend_Controller_Response_Http))
#1 /usr/local/zend/share/ZendFramework-1.11.12/library/Zend/Application/Bootstrap/Bootstrap.php(97): Zend_Controller_Front->dispatch()
#2 /usr/local/zend/share/ZendFramework-1.11.12/library/Zend/Application.php(366): Zend_Application_Bootstrap_Bootstrap->run()
#3 /home/www/tp_certif/public/index.php(20): Zend_Application->run()
#4 {main}
2012-12-13T14:21:32+01:00 INFO (6): exception 'Zend_Controller_Dispatcher_Exception' with message 'Invalid controller specified (public)' in /usr/local/zend/share/ZendFramework-1.11.12/library/Zend/Controller/Dispatcher/Standard.php:248
Stack trace:
#0 /usr/local/zend/share/ZendFramework-1.11.12/library/Zend/Controller/Front.php(954): Zend_Controller_Dispatcher_Standard->dispatch(Object(Zend_Controller_Request_Http), Object(Zend_Controller_Response_Http))
#1 /usr/local/zend/share/ZendFramework-1.11.12/library/Zend/Application/Bootstrap/Bootstrap.php(97): Zend_Controller_Front->dispatch()
#2 /usr/local/zend/share/ZendFramework-1.11.12/library/Zend/Application.php(366): Zend_Application_Bootstrap_Bootstrap->run()
#3 /home/www/tp_certif/public/index.php(20): Zend_Application->run()
#4 {main}
2012-12-13T14:21:32+01:00 INFO (6): exception 'Zend_Controller_Dispatcher_Exception' with message 'Invalid controller specified (public)' in /usr/local/zend/share/ZendFramework-1.11.12/library/Zend/Controller/Dispatcher/Standard.php:248
Stack trace:
#0 /usr/local/zend/share/ZendFramework-1.11.12/library/Zend/Controller/Front.php(954): Zend_Controller_Dispatcher_Standard->dispatch(Object(Zend_Controller_Request_Http), Object(Zend_Controller_Response_Http))
#1 /usr/local/zend/share/ZendFramework-1.11.12/library/Zend/Application/Bootstrap/Bootstrap.php(97): Zend_Controller_Front->dispatch()
#2 /usr/local/zend/share/ZendFramework-1.11.12/library/Zend/Application.php(366): Zend_Application_Bootstrap_Bootstrap->run()
#3 /home/www/tp_certif/public/index.php(20): Zend_Application->run()
#4 {main}
2012-12-13T14:21:32+01:00 INFO (6): exception 'Zend_Controller_Dispatcher_Exception' with message 'Invalid controller specified (public)' in /usr/local/zend/share/ZendFramework-1.11.12/library/Zend/Controller/Dispatcher/Standard.php:248
Stack trace:
#0 /usr/local/zend/share/ZendFramework-1.11.12/library/Zend/Controller/Front.php(954): Zend_Controller_Dispatcher_Standard->dispatch(Object(Zend_Controller_Request_Http), Object(Zend_Controller_Response_Http))
#1 /usr/local/zend/share/ZendFramework-1.11.12/library/Zend/Application/Bootstrap/Bootstrap.php(97): Zend_Controller_Front->dispatch()
#2 /usr/local/zend/share/ZendFramework-1.11.12/library/Zend/Application.php(366): Zend_Application_Bootstrap_Bootstrap->run()
#3 /home/www/tp_certif/public/index.php(20): Zend_Application->run()
#4 {main}
2012-12-13T14:21:34+01:00 INFO (6): exception 'Zend_Controller_Dispatcher_Exception' with message 'Invalid controller specified (public)' in /usr/local/zend/share/ZendFramework-1.11.12/library/Zend/Controller/Dispatcher/Standard.php:248
Stack trace:
#0 /usr/local/zend/share/ZendFramework-1.11.12/library/Zend/Controller/Front.php(954): Zend_Controller_Dispatcher_Standard->dispatch(Object(Zend_Controller_Request_Http), Object(Zend_Controller_Response_Http))
#1 /usr/local/zend/share/ZendFramework-1.11.12/library/Zend/Application/Bootstrap/Bootstrap.php(97): Zend_Controller_Front->dispatch()
#2 /usr/local/zend/share/ZendFramework-1.11.12/library/Zend/Application.php(366): Zend_Application_Bootstrap_Bootstrap->run()
#3 /home/www/tp_certif/public/index.php(20): Zend_Application->run()
#4 {main}
2012-12-13T14:21:34+01:00 INFO (6): exception 'Zend_Controller_Dispatcher_Exception' with message 'Invalid controller specified (public)' in /usr/local/zend/share/ZendFramework-1.11.12/library/Zend/Controller/Dispatcher/Standard.php:248
Stack trace:
#0 /usr/local/zend/share/ZendFramework-1.11.12/library/Zend/Controller/Front.php(954): Zend_Controller_Dispatcher_Standard->dispatch(Object(Zend_Controller_Request_Http), Object(Zend_Controller_Response_Http))
#1 /usr/local/zend/share/ZendFramework-1.11.12/library/Zend/Application/Bootstrap/Bootstrap.php(97): Zend_Controller_Front->dispatch()
#2 /usr/local/zend/share/ZendFramework-1.11.12/library/Zend/Application.php(366): Zend_Application_Bootstrap_Bootstrap->run()
#3 /home/www/tp_certif/public/index.php(20): Zend_Application->run()
#4 {main}
2012-12-13T14:21:34+01:00 INFO (6): exception 'Zend_Controller_Dispatcher_Exception' with message 'Invalid controller specified (public)' in /usr/local/zend/share/ZendFramework-1.11.12/library/Zend/Controller/Dispatcher/Standard.php:248
Stack trace:
#0 /usr/local/zend/share/ZendFramework-1.11.12/library/Zend/Controller/Front.php(954): Zend_Controller_Dispatcher_Standard->dispatch(Object(Zend_Controller_Request_Http), Object(Zend_Controller_Response_Http))
#1 /usr/local/zend/share/ZendFramework-1.11.12/library/Zend/Application/Bootstrap/Bootstrap.php(97): Zend_Controller_Front->dispatch()
#2 /usr/local/zend/share/ZendFramework-1.11.12/library/Zend/Application.php(366): Zend_Application_Bootstrap_Bootstrap->run()
#3 /home/www/tp_certif/public/index.php(20): Zend_Application->run()
#4 {main}
2012-12-13T14:22:01+01:00 INFO (6): exception 'Zend_Controller_Dispatcher_Exception' with message 'Invalid controller specified (public)' in /usr/local/zend/share/ZendFramework-1.11.12/library/Zend/Controller/Dispatcher/Standard.php:248
Stack trace:
#0 /usr/local/zend/share/ZendFramework-1.11.12/library/Zend/Controller/Front.php(954): Zend_Controller_Dispatcher_Standard->dispatch(Object(Zend_Controller_Request_Http), Object(Zend_Controller_Response_Http))
#1 /usr/local/zend/share/ZendFramework-1.11.12/library/Zend/Application/Bootstrap/Bootstrap.php(97): Zend_Controller_Front->dispatch()
#2 /usr/local/zend/share/ZendFramework-1.11.12/library/Zend/Application.php(366): Zend_Application_Bootstrap_Bootstrap->run()
#3 /home/www/tp_certif/public/index.php(20): Zend_Application->run()
#4 {main}
2012-12-13T14:22:01+01:00 INFO (6): exception 'Zend_Controller_Dispatcher_Exception' with message 'Invalid controller specified (public)' in /usr/local/zend/share/ZendFramework-1.11.12/library/Zend/Controller/Dispatcher/Standard.php:248
Stack trace:
#0 /usr/local/zend/share/ZendFramework-1.11.12/library/Zend/Controller/Front.php(954): Zend_Controller_Dispatcher_Standard->dispatch(Object(Zend_Controller_Request_Http), Object(Zend_Controller_Response_Http))
#1 /usr/local/zend/share/ZendFramework-1.11.12/library/Zend/Application/Bootstrap/Bootstrap.php(97): Zend_Controller_Front->dispatch()
#2 /usr/local/zend/share/ZendFramework-1.11.12/library/Zend/Application.php(366): Zend_Application_Bootstrap_Bootstrap->run()
#3 /home/www/tp_certif/public/index.php(20): Zend_Application->run()
#4 {main}
2012-12-13T14:22:01+01:00 INFO (6): exception 'Zend_Controller_Dispatcher_Exception' with message 'Invalid controller specified (public)' in /usr/local/zend/share/ZendFramework-1.11.12/library/Zend/Controller/Dispatcher/Standard.php:248
Stack trace:
#0 /usr/local/zend/share/ZendFramework-1.11.12/library/Zend/Controller/Front.php(954): Zend_Controller_Dispatcher_Standard->dispatch(Object(Zend_Controller_Request_Http), Object(Zend_Controller_Response_Http))
#1 /usr/local/zend/share/ZendFramework-1.11.12/library/Zend/Application/Bootstrap/Bootstrap.php(97): Zend_Controller_Front->dispatch()
#2 /usr/local/zend/share/ZendFramework-1.11.12/library/Zend/Application.php(366): Zend_Application_Bootstrap_Bootstrap->run()
#3 /home/www/tp_certif/public/index.php(20): Zend_Application->run()
#4 {main}
2012-12-13T14:22:03+01:00 INFO (6): exception 'Zend_Controller_Dispatcher_Exception' with message 'Invalid controller specified (public)' in /usr/local/zend/share/ZendFramework-1.11.12/library/Zend/Controller/Dispatcher/Standard.php:248
Stack trace:
#0 /usr/local/zend/share/ZendFramework-1.11.12/library/Zend/Controller/Front.php(954): Zend_Controller_Dispatcher_Standard->dispatch(Object(Zend_Controller_Request_Http), Object(Zend_Controller_Response_Http))
#1 /usr/local/zend/share/ZendFramework-1.11.12/library/Zend/Application/Bootstrap/Bootstrap.php(97): Zend_Controller_Front->dispatch()
#2 /usr/local/zend/share/ZendFramework-1.11.12/library/Zend/Application.php(366): Zend_Application_Bootstrap_Bootstrap->run()
#3 /home/www/tp_certif/public/index.php(20): Zend_Application->run()
#4 {main}
2012-12-13T14:22:03+01:00 INFO (6): exception 'Zend_Controller_Dispatcher_Exception' with message 'Invalid controller specified (public)' in /usr/local/zend/share/ZendFramework-1.11.12/library/Zend/Controller/Dispatcher/Standard.php:248
Stack trace:
#0 /usr/local/zend/share/ZendFramework-1.11.12/library/Zend/Controller/Front.php(954): Zend_Controller_Dispatcher_Standard->dispatch(Object(Zend_Controller_Request_Http), Object(Zend_Controller_Response_Http))
#1 /usr/local/zend/share/ZendFramework-1.11.12/library/Zend/Application/Bootstrap/Bootstrap.php(97): Zend_Controller_Front->dispatch()
#2 /usr/local/zend/share/ZendFramework-1.11.12/library/Zend/Application.php(366): Zend_Application_Bootstrap_Bootstrap->run()
#3 /home/www/tp_certif/public/index.php(20): Zend_Application->run()
#4 {main}
2012-12-13T14:22:03+01:00 INFO (6): exception 'Zend_Controller_Dispatcher_Exception' with message 'Invalid controller specified (public)' in /usr/local/zend/share/ZendFramework-1.11.12/library/Zend/Controller/Dispatcher/Standard.php:248
Stack trace:
#0 /usr/local/zend/share/ZendFramework-1.11.12/library/Zend/Controller/Front.php(954): Zend_Controller_Dispatcher_Standard->dispatch(Object(Zend_Controller_Request_Http), Object(Zend_Controller_Response_Http))
#1 /usr/local/zend/share/ZendFramework-1.11.12/library/Zend/Application/Bootstrap/Bootstrap.php(97): Zend_Controller_Front->dispatch()
#2 /usr/local/zend/share/ZendFramework-1.11.12/library/Zend/Application.php(366): Zend_Application_Bootstrap_Bootstrap->run()
#3 /home/www/tp_certif/public/index.php(20): Zend_Application->run()
#4 {main}
2012-12-13T14:22:04+01:00 INFO (6): exception 'Zend_Controller_Dispatcher_Exception' with message 'Invalid controller specified (public)' in /usr/local/zend/share/ZendFramework-1.11.12/library/Zend/Controller/Dispatcher/Standard.php:248
Stack trace:
#0 /usr/local/zend/share/ZendFramework-1.11.12/library/Zend/Controller/Front.php(954): Zend_Controller_Dispatcher_Standard->dispatch(Object(Zend_Controller_Request_Http), Object(Zend_Controller_Response_Http))
#1 /usr/local/zend/share/ZendFramework-1.11.12/library/Zend/Application/Bootstrap/Bootstrap.php(97): Zend_Controller_Front->dispatch()
#2 /usr/local/zend/share/ZendFramework-1.11.12/library/Zend/Application.php(366): Zend_Application_Bootstrap_Bootstrap->run()
#3 /home/www/tp_certif/public/index.php(20): Zend_Application->run()
#4 {main}
2012-12-13T14:22:04+01:00 INFO (6): exception 'Zend_Controller_Dispatcher_Exception' with message 'Invalid controller specified (public)' in /usr/local/zend/share/ZendFramework-1.11.12/library/Zend/Controller/Dispatcher/Standard.php:248
Stack trace:
#0 /usr/local/zend/share/ZendFramework-1.11.12/library/Zend/Controller/Front.php(954): Zend_Controller_Dispatcher_Standard->dispatch(Object(Zend_Controller_Request_Http), Object(Zend_Controller_Response_Http))
#1 /usr/local/zend/share/ZendFramework-1.11.12/library/Zend/Application/Bootstrap/Bootstrap.php(97): Zend_Controller_Front->dispatch()
#2 /usr/local/zend/share/ZendFramework-1.11.12/library/Zend/Application.php(366): Zend_Application_Bootstrap_Bootstrap->run()
#3 /home/www/tp_certif/public/index.php(20): Zend_Application->run()
#4 {main}
2012-12-13T14:22:04+01:00 INFO (6): exception 'Zend_Controller_Dispatcher_Exception' with message 'Invalid controller specified (public)' in /usr/local/zend/share/ZendFramework-1.11.12/library/Zend/Controller/Dispatcher/Standard.php:248
Stack trace:
#0 /usr/local/zend/share/ZendFramework-1.11.12/library/Zend/Controller/Front.php(954): Zend_Controller_Dispatcher_Standard->dispatch(Object(Zend_Controller_Request_Http), Object(Zend_Controller_Response_Http))
#1 /usr/local/zend/share/ZendFramework-1.11.12/library/Zend/Application/Bootstrap/Bootstrap.php(97): Zend_Controller_Front->dispatch()
#2 /usr/local/zend/share/ZendFramework-1.11.12/library/Zend/Application.php(366): Zend_Application_Bootstrap_Bootstrap->run()
#3 /home/www/tp_certif/public/index.php(20): Zend_Application->run()
#4 {main}
2012-12-13T14:22:24+01:00 INFO (6): exception 'Zend_Controller_Dispatcher_Exception' with message 'Invalid controller specified (public)' in /usr/local/zend/share/ZendFramework-1.11.12/library/Zend/Controller/Dispatcher/Standard.php:248
Stack trace:
#0 /usr/local/zend/share/ZendFramework-1.11.12/library/Zend/Controller/Front.php(954): Zend_Controller_Dispatcher_Standard->dispatch(Object(Zend_Controller_Request_Http), Object(Zend_Controller_Response_Http))
#1 /usr/local/zend/share/ZendFramework-1.11.12/library/Zend/Application/Bootstrap/Bootstrap.php(97): Zend_Controller_Front->dispatch()
#2 /usr/local/zend/share/ZendFramework-1.11.12/library/Zend/Application.php(366): Zend_Application_Bootstrap_Bootstrap->run()
#3 /home/www/tp_certif/public/index.php(20): Zend_Application->run()
#4 {main}
2012-12-13T14:22:24+01:00 INFO (6): exception 'Zend_Controller_Dispatcher_Exception' with message 'Invalid controller specified (public)' in /usr/local/zend/share/ZendFramework-1.11.12/library/Zend/Controller/Dispatcher/Standard.php:248
Stack trace:
#0 /usr/local/zend/share/ZendFramework-1.11.12/library/Zend/Controller/Front.php(954): Zend_Controller_Dispatcher_Standard->dispatch(Object(Zend_Controller_Request_Http), Object(Zend_Controller_Response_Http))
#1 /usr/local/zend/share/ZendFramework-1.11.12/library/Zend/Application/Bootstrap/Bootstrap.php(97): Zend_Controller_Front->dispatch()
#2 /usr/local/zend/share/ZendFramework-1.11.12/library/Zend/Application.php(366): Zend_Application_Bootstrap_Bootstrap->run()
#3 /home/www/tp_certif/public/index.php(20): Zend_Application->run()
#4 {main}
2012-12-13T14:22:24+01:00 INFO (6): exception 'Zend_Controller_Dispatcher_Exception' with message 'Invalid controller specified (public)' in /usr/local/zend/share/ZendFramework-1.11.12/library/Zend/Controller/Dispatcher/Standard.php:248
Stack trace:
#0 /usr/local/zend/share/ZendFramework-1.11.12/library/Zend/Controller/Front.php(954): Zend_Controller_Dispatcher_Standard->dispatch(Object(Zend_Controller_Request_Http), Object(Zend_Controller_Response_Http))
#1 /usr/local/zend/share/ZendFramework-1.11.12/library/Zend/Application/Bootstrap/Bootstrap.php(97): Zend_Controller_Front->dispatch()
#2 /usr/local/zend/share/ZendFramework-1.11.12/library/Zend/Application.php(366): Zend_Application_Bootstrap_Bootstrap->run()
#3 /home/www/tp_certif/public/index.php(20): Zend_Application->run()
#4 {main}
